[    0.000000] Initializing cgroup subsys cpuset
[    0.000000] Initializing cgroup subsys cpu
[    0.000000] Initializing cgroup subsys cpuacct
[    0.000000] Linux version 4.4.0-139-generic (buildd@lcy01-amd64-006) (gcc version 5.4.0 20160609 (Ubuntu 5.4.0-6ubuntu1~16.04.10) ) #165-Ubuntu SMP Wed Oct 24 10:58:50 UTC 2018 (Ubuntu 4.4.0-139.165-generic 4.4.160)
[    0.000000] Command line: BOOT_IMAGE=/boot/vmlinuz-4.4.0-139-generic root=LABEL=cloudimg-rootfs ro console=tty1 console=ttyS0
[    0.000000] KERNEL supported cpus:
[    0.000000]   Intel GenuineIntel
[    0.000000]   AMD AuthenticAMD
[    0.000000]   Centaur CentaurHauls
[    0.000000] x86/fpu: xstate_offset[2]:  576, xstate_sizes[2]:  256
[    0.000000] x86/fpu: Supporting XSAVE feature 0x01: 'x87 floating point registers'
[    0.000000] x86/fpu: Supporting XSAVE feature 0x02: 'SSE registers'
[    0.000000] x86/fpu: Supporting XSAVE feature 0x04: 'AVX registers'
[    0.000000] x86/fpu: Enabled xstate features 0x7, context size is 832 bytes, using 'standard' format.
[    0.000000] e820: BIOS-provided physical RAM map:
[    0.000000] BIOS-e820: [mem 0x0000000000000000-0x000000000009fbff] usable
[    0.000000] BIOS-e820: [mem 0x000000000009fc00-0x000000000009ffff] reserved
[    0.000000] BIOS-e820: [mem 0x00000000000f0000-0x00000000000fffff] reserved
[    0.000000] BIOS-e820: [mem 0x0000000000100000-0x00000000dffeffff] usable
[    0.000000] BIOS-e820: [mem 0x00000000dfff0000-0x00000000dfffffff] ACPI data
[    0.000000] BIOS-e820: [mem 0x00000000fec00000-0x00000000fec00fff] reserved
[    0.000000] BIOS-e820: [mem 0x00000000fee00000-0x00000000fee00fff] reserved
[    0.000000] BIOS-e820: [mem 0x00000000fffc0000-0x00000000ffffffff] reserved
[    0.000000] BIOS-e820: [mem 0x0000000100000000-0x000000011fffffff] usable
[    0.000000] NX (Execute Disable) protection: active
[    0.000000] SMBIOS 2.5 present.
[    0.000000] Hypervisor detected: KVM
[    0.000000] e820: last_pfn = 0x120000 max_arch_pfn = 0x400000000
[    0.000000] MTRR: Disabled
[    0.000000] x86/PAT: MTRRs disabled, skipping PAT initialization too.
[    0.000000] CPU MTRRs all blank - virtualized system.
[    0.000000] x86/PAT: Configuration [0-7]: WB  WT  UC- UC  WB  WT  UC- UC  
[    0.000000] e820: last_pfn = 0xdfff0 max_arch_pfn = 0x400000000
[    0.000000] found SMP MP-table at [mem 0x0009fff0-0x0009ffff] mapped at [ffff88000009fff0]
[    0.000000] Scanning 1 areas for low memory corruption
[    0.000000] RAMDISK: [mem 0x3630c000-0x3717dfff]
[    0.000000] ACPI: Early table checksum verification disabled
[    0.000000] ACPI: RSDP 0x00000000000E0000 000024 (v02 VBOX  )
[    0.000000] ACPI: XSDT 0x00000000DFFF0030 00003C (v01 VBOX   VBOXXSDT 00000001 ASL  00000061)
[    0.000000] ACPI: FACP 0x00000000DFFF00F0 0000F4 (v04 VBOX   VBOXFACP 00000001 ASL  00000061)
[    0.000000] ACPI: DSDT 0x00000000DFFF0470 0021FF (v02 VBOX   VBOXBIOS 00000002 INTL 20100528)
[    0.000000] ACPI: FACS 0x00000000DFFF0200 000040
[    0.000000] ACPI: FACS 0x00000000DFFF0200 000040
[    0.000000] ACPI: APIC 0x00000000DFFF0240 000054 (v02 VBOX   VBOXAPIC 00000001 ASL  00000061)
[    0.000000] ACPI: SSDT 0x00000000DFFF02A0 0001CC (v01 VBOX   VBOXCPUT 00000002 INTL 20100528)
[    0.000000] No NUMA configuration found
[    0.000000] Faking a node at [mem 0x0000000000000000-0x000000011fffffff]
[    0.000000] NODE_DATA(0) allocated [mem 0x11fff7000-0x11fffbfff]
[    0.000000] kvm-clock: Using msrs 4b564d01 and 4b564d00
[    0.000000] kvm-clock: cpu 0, msr 1:1ffef001, primary cpu clock
[    0.000000] kvm-clock: using sched offset of 3982871527 cycles
[    0.000000] clocksource: kvm-clock: mask: 0xffffffffffffffff max_cycles: 0x1cd42e4dffb, max_idle_ns: 881590591483 ns
[    0.000000] Zone ranges:
[    0.000000]   DMA      [mem 0x0000000000001000-0x0000000000ffffff]
[    0.000000]   DMA32    [mem 0x0000000001000000-0x00000000ffffffff]
[    0.000000]   Normal   [mem 0x0000000100000000-0x000000011fffffff]
[    0.000000]   Device   empty
[    0.000000] Movable zone start for each node
[    0.000000] Early memory node ranges
[    0.000000]   node   0: [mem 0x0000000000001000-0x000000000009efff]
[    0.000000]   node   0: [mem 0x0000000000100000-0x00000000dffeffff]
[    0.000000]   node   0: [mem 0x0000000100000000-0x000000011fffffff]
[    0.000000] Initmem setup node 0 [mem 0x0000000000001000-0x000000011fffffff]
[    0.000000] ACPI: PM-Timer IO Port: 0x4008
[    0.000000] IOAPIC[0]: apic_id 1, version 32, address 0xfec00000, GSI 0-23
[    0.000000] ACPI: INT_SRC_OVR (bus 0 bus_irq 0 global_irq 2 dfl dfl)
[    0.000000] ACPI: INT_SRC_OVR (bus 0 bus_irq 9 global_irq 9 low level)
[    0.000000] Using ACPI (MADT) for SMP configuration information
[    0.000000] smpboot: Allowing 1 CPUs, 0 hotplug CPUs
[    0.000000] PM: Registered nosave memory: [mem 0x00000000-0x00000fff]
[    0.000000] PM: Registered nosave memory: [mem 0x0009f000-0x0009ffff]
[    0.000000] PM: Registered nosave memory: [mem 0x000a0000-0x000effff]
[    0.000000] PM: Registered nosave memory: [mem 0x000f0000-0x000fffff]
[    0.000000] PM: Registered nosave memory: [mem 0xdfff0000-0xdfffffff]
[    0.000000] PM: Registered nosave memory: [mem 0xe0000000-0xfebfffff]
[    0.000000] PM: Registered nosave memory: [mem 0xfec00000-0xfec00fff]
[    0.000000] PM: Registered nosave memory: [mem 0xfec01000-0xfedfffff]
[    0.000000] PM: Registered nosave memory: [mem 0xfee00000-0xfee00fff]
[    0.000000] PM: Registered nosave memory: [mem 0xfee01000-0xfffbffff]
[    0.000000] PM: Registered nosave memory: [mem 0xfffc0000-0xffffffff]
[    0.000000] e820: [mem 0xe0000000-0xfebfffff] available for PCI devices
[    0.000000] Booting paravirtualized kernel on KVM
[    0.000000] clocksource: refined-jiffies: mask: 0xffffffff max_cycles: 0xffffffff, max_idle_ns: 7645519600211568 ns
[    0.000000] setup_percpu: NR_CPUS:512 nr_cpumask_bits:512 nr_cpu_ids:1 nr_node_ids:1
[    0.000000] PERCPU: Embedded 34 pages/cpu @ffff88011fc00000 s99608 r8192 d31464 u2097152
[    0.000000] PV qspinlock hash table entries: 256 (order: 0, 4096 bytes)
[    0.000000] Built 1 zonelists in Node order, mobility grouping on.  Total pages: 1032056
[    0.000000] Policy zone: Normal
[    0.000000] Kernel command line: BOOT_IMAGE=/boot/vmlinuz-4.4.0-139-generic root=LABEL=cloudimg-rootfs ro console=tty1 console=ttyS0
[    0.000000] PID hash table entries: 4096 (order: 3, 32768 bytes)
[    0.000000] Memory: 4028360K/4193848K available (8564K kernel code, 1314K rwdata, 4004K rodata, 1528K init, 1316K bss, 165488K reserved, 0K cma-reserved)
[    0.000000] SLUB: HWalign=64, Order=0-3, MinObjects=0, CPUs=1, Nodes=1
[    0.000000] Kernel/User page tables isolation: enabled
[    0.000000] Hierarchical RCU implementation.
[    0.000000] 	Build-time adjustment of leaf fanout to 64.
[    0.000000] 	RCU restricting CPUs from NR_CPUS=512 to nr_cpu_ids=1.
[    0.000000] RCU: Adjusting geometry for rcu_fanout_leaf=64, nr_cpu_ids=1
[    0.000000] NR_IRQS:33024 nr_irqs:256 16
[    0.000000] Console: colour VGA+ 80x25
[    0.000000] console [tty1] enabled
[    0.000000] console [ttyS0] enabled
[    0.000000] tsc: Detected 3399.996 MHz processor
[    0.480796] Calibrating delay loop (skipped) preset value.. 6799.99 BogoMIPS (lpj=13599984)
[    0.483610] pid_max: default: 32768 minimum: 301
[    0.492742] ACPI: Core revision 20150930
[    0.499733] ACPI: 2 ACPI AML tables successfully acquired and loaded
[    0.501666] Security Framework initialized
[    0.502947] Yama: becoming mindful.
[    0.504346] AppArmor: AppArmor initialized
[    0.508308] Dentry cache hash table entries: 524288 (order: 10, 4194304 bytes)
[    0.516768] Inode-cache hash table entries: 262144 (order: 9, 2097152 bytes)
[    0.519894] Mount-cache hash table entries: 8192 (order: 4, 65536 bytes)
[    0.521728] Mountpoint-cache hash table entries: 8192 (order: 4, 65536 bytes)
[    0.525473] Initializing cgroup subsys io
[    0.527080] Initializing cgroup subsys memory
[    0.528796] Initializing cgroup subsys devices
[    0.530477] Initializing cgroup subsys freezer
[    0.531785] Initializing cgroup subsys net_cls
[    0.533128] Initializing cgroup subsys perf_event
[    0.534491] Initializing cgroup subsys net_prio
[    0.535841] Initializing cgroup subsys hugetlb
[    0.545159] Initializing cgroup subsys pids
[    0.547210] mce: CPU supports 0 MCE banks
[    0.549065] process: using mwait in idle threads
[    0.550532] Last level iTLB entries: 4KB 64, 2MB 8, 4MB 8
[    0.552097] Last level dTLB entries: 4KB 64, 2MB 0, 4MB 0, 1GB 4
[    0.553742] Spectre V2 : Mitigation: Full generic retpoline
[    0.555313] Spectre V2 : Spectre v2 mitigation: Speculation control IBPB not-supported IBRS not-supported
[    0.564394] Spectre V2 : Spectre v2 / SpectreRSB mitigation: Filling RSB on context switch
[    0.567580] Speculative Store Bypass: Vulnerable
[    0.594017] Freeing SMP alternatives memory: 32K
[    0.606175] ftrace: allocating 32278 entries in 127 pages
[    0.684170] smpboot: APIC(0) Converting physical 0 to logical package 0
[    0.685964] smpboot: Max logical packages: 1
[    0.694575] x2apic enabled
[    0.696004] Switched APIC routing to physical x2apic.
[    0.707300] ..TIMER: vector=0x30 apic1=0 pin1=2 apic2=-1 pin2=-1
[    0.816241] smpboot: CPU0: Intel(R) Core(TM) i7-6800K CPU @ 3.40GHz (family: 0x6, model: 0x4f, stepping: 0x1)
[    0.819294] Performance Events: unsupported p6 CPU model 79 no PMU driver, software events only.
[    0.822060] KVM setup paravirtual spinlock
[    0.830420] x86: Booted up 1 node, 1 CPUs
[    0.831662] smpboot: Total of 1 processors activated (6799.99 BogoMIPS)
[    0.840635] devtmpfs: initialized
[    0.852935] evm: security.selinux
[    0.854063] evm: security.SMACK64
[    0.857368] evm: security.SMACK64EXEC
[    0.866834] evm: security.SMACK64TRANSMUTE
[    0.868085] evm: security.SMACK64MMAP
[    0.870418] evm: security.ima
[    0.871440] evm: security.capability
[    0.872904] clocksource: jiffies: mask: 0xffffffff max_cycles: 0xffffffff, max_idle_ns: 7645041785100000 ns
[    0.875659] futex hash table entries: 256 (order: 2, 16384 bytes)
[    0.877815] pinctrl core: initialized pinctrl subsystem
[    0.879553] RTC time: 21:16:38, date: 11/17/18
[    0.887868] NET: Registered protocol family 16
[    0.889491] cpuidle: using governor ladder
[    0.905773] cpuidle: using governor menu
[    0.906990] PCCT header not found.
[    0.916355] ACPI: bus type PCI registered
[    0.923495] acpiphp: ACPI Hot Plug PCI Controller Driver version: 0.5
[    0.931985] PCI: Using configuration type 1 for base access
[    0.937786] ACPI: Added _OSI(Module Device)
[    0.953383] ACPI: Added _OSI(Processor Device)
[    0.954701] ACPI: Added _OSI(3.0 _SCP Extensions)
[    0.956064] ACPI: Added _OSI(Processor Aggregator Device)
[    0.973101] ACPI: Executed 1 blocks of module-level executable AML code
[    0.980037] ACPI: Interpreter enabled
[    0.981232] ACPI: (supports S0 S5)
[    0.982336] ACPI: Using IOAPIC for interrupt routing
[    0.984113] PCI: Using host bridge windows from ACPI; if necessary, use "pci=nocrs" and report a bug
[    1.003602] ACPI: PCI Root Bridge [PCI0] (domain 0000 [bus 00-ff])
[    1.005392] acpi PNP0A03:00: _OSC: OS supports [ASPM ClockPM Segments MSI]
[    1.009768] acpi PNP0A03:00: _OSC: not requesting OS control; OS requires [ExtendedConfig ASPM ClockPM MSI]
[    1.015665] acpi PNP0A03:00: fail to add MMCONFIG information, can't access extended PCI configuration space under this bridge.
[    1.019264] PCI host bridge to bus 0000:00
[    1.027544] pci_bus 0000:00: root bus resource [io  0x0000-0x0cf7 window]
[    1.061452] pci_bus 0000:00: root bus resource [io  0x0d00-0xffff window]
[    1.063303] pci_bus 0000:00: root bus resource [mem 0x000a0000-0x000bffff window]
[    1.065632] pci_bus 0000:00: root bus resource [mem 0xe0000000-0xfdffffff window]
[    1.080065] pci_bus 0000:00: root bus resource [bus 00-ff]
[    1.098165] pci 0000:00:01.1: legacy IDE quirk: reg 0x10: [io  0x01f0-0x01f7]
[    1.110000] pci 0000:00:01.1: legacy IDE quirk: reg 0x14: [io  0x03f6]
[    1.125873] pci 0000:00:01.1: legacy IDE quirk: reg 0x18: [io  0x0170-0x0177]
[    1.127768] pci 0000:00:01.1: legacy IDE quirk: reg 0x1c: [io  0x0376]
[    1.169517] pci 0000:00:07.0: quirk: [io  0x4000-0x403f] claimed by PIIX4 ACPI
[    1.171763] pci 0000:00:07.0: quirk: [io  0x4100-0x410f] claimed by PIIX4 SMB
[    1.188278] ACPI: PCI Interrupt Link [LNKA] (IRQs 5 9 10 *11)
[    1.200138] ACPI: PCI Interrupt Link [LNKB] (IRQs 5 9 *10 11)
[    1.203777] ACPI: PCI Interrupt Link [LNKC] (IRQs 5 *9 10 11)
[    1.206127] ACPI: PCI Interrupt Link [LNKD] (IRQs 5 9 10 *11)
[    1.209909] ACPI: Enabled 2 GPEs in block 00 to 07
[    1.211717] vgaarb: setting as boot device: PCI:0000:00:02.0
[    1.213397] vgaarb: device added: PCI:0000:00:02.0,decodes=io+mem,owns=io+mem,locks=none
[    1.222216] vgaarb: loaded
[    1.230649] vgaarb: bridge control possible 0000:00:02.0
[    1.232549] SCSI subsystem initialized
[    1.233813] ACPI: bus type USB registered
[    1.241591] usbcore: registered new interface driver usbfs
[    1.243122] usbcore: registered new interface driver hub
[    1.251779] usbcore: registered new device driver usb
[    1.253440] PCI: Using ACPI for IRQ routing
[    1.255081] NetLabel: Initializing
[    1.256196] NetLabel:  domain hash size = 128
[    1.257506] NetLabel:  protocols = UNLABELED CIPSOv4
[    1.258947] NetLabel:  unlabeled traffic allowed by default
[    1.260637] amd_nb: Cannot enumerate AMD northbridges
[    1.262531] clocksource: Switched to clocksource kvm-clock
[    1.281276] AppArmor: AppArmor Filesystem Enabled
[    1.282755] pnp: PnP ACPI init
[    1.292713] pnp: PnP ACPI: found 3 devices
[    1.309640] clocksource: acpi_pm: mask: 0xffffff max_cycles: 0xffffff, max_idle_ns: 2085701024 ns
[    1.312351] NET: Registered protocol family 2
[    1.313896] TCP established hash table entries: 32768 (order: 6, 262144 bytes)
[    1.324171] TCP bind hash table entries: 32768 (order: 7, 524288 bytes)
[    1.328036] TCP: Hash tables configured (established 32768 bind 32768)
[    1.329879] UDP hash table entries: 2048 (order: 4, 65536 bytes)
[    1.337819] UDP-Lite hash table entries: 2048 (order: 4, 65536 bytes)
[    1.345797] NET: Registered protocol family 1
[    1.347389] pci 0000:00:00.0: Limiting direct PCI/PCI transfers
[    1.349022] pci 0000:00:01.0: Activating ISA DMA hang workarounds
[    1.359493] Unpacking initramfs...
[    1.792183] Freeing initrd memory: 14792K
[    1.799289] PCI-DMA: Using software bounce buffering for IO (SWIOTLB)
[    1.801028] software IO TLB [mem 0xdbff0000-0xdfff0000] (64MB) mapped at [ffff8800dbff0000-ffff8800dffeffff]
[    1.812126] platform rtc_cmos: registered platform RTC device (no PNP device found)
[    1.814533] Scanning for low memory corruption every 60 seconds
[    1.825587] audit: initializing netlink subsys (disabled)
[    1.836400] audit: type=2000 audit(1542489404.495:1): initialized
[    1.838579] Initialise system trusted keyring
[    1.849062] HugeTLB registered 2 MB page size, pre-allocated 0 pages
[    1.868057] zbud: loaded
[    1.890325] VFS: Disk quotas dquot_6.6.0
[    1.897253] VFS: Dquot-cache hash table entries: 512 (order 0, 4096 bytes)
[    1.911490] squashfs: version 4.0 (2009/01/31) Phillip Lougher
[    1.921880] fuse init (API version 7.23)
[    1.923307] Key type big_key registered
[    1.924561] Allocating IMA MOK and blacklist keyrings.
[    1.926357] Key type asymmetric registered
[    1.927642] Asymmetric key parser 'x509' registered
[    1.930269] Block layer SCSI generic (bsg) driver version 0.4 loaded (major 249)
[    1.932606] io scheduler noop registered
[    1.933823] io scheduler deadline registered (default)
[    1.950256] io scheduler cfq registered
[    1.951638] pci_hotplug: PCI Hot Plug PCI Core version: 0.5
[    1.953221] pciehp: PCI Express Hot Plug Controller Driver version: 0.4
[    1.963537] ACPI: AC Adapter [AC] (on-line)
[    1.964884] input: Power Button as /devices/LNXSYSTM:00/LNXPWRBN:00/input/input0
[    1.972869] ACPI: Power Button [PWRF]
[    1.987901] input: Sleep Button as /devices/LNXSYSTM:00/LNXSLPBN:00/input/input1
[    1.997138] ACPI: Sleep Button [SLPF]
[    2.004909] GHES: HEST is not enabled!
[    2.014725] Serial: 8250/16550 driver, 32 ports, IRQ sharing enabled
[    2.039374] 00:02: ttyS0 at I/O 0x3f8 (irq = 4, base_baud = 115200) is a 16550A
[    2.051789] Linux agpgart interface v0.103
[    2.055035] loop: module loaded
[    2.056992] scsi host0: ata_piix
[    2.064950] scsi host1: ata_piix
[    2.068772] ata1: PATA max UDMA/33 cmd 0x1f0 ctl 0x3f6 bmdma 0xd000 irq 14
[    2.070827] ata2: PATA max UDMA/33 cmd 0x170 ctl 0x376 bmdma 0xd008 irq 15
[    2.073079] libphy: Fixed MDIO Bus: probed
[    2.074326] tun: Universal TUN/TAP device driver, 1.6
[    2.084636] tun: (C) 1999-2004 Max Krasnyansky <maxk@qualcomm.com>
[    2.086667] PPP generic driver version 2.4.2
[    2.096564] ehci_hcd: USB 2.0 'Enhanced' Host Controller (EHCI) Driver
[    2.098314] ehci-pci: EHCI PCI platform driver
[    2.099672] ehci-platform: EHCI generic platform driver
[    2.113673] ohci_hcd: USB 1.1 'Open' Host Controller (OHCI) Driver
[    2.121715] ohci-pci: OHCI PCI platform driver
[    2.128803] ohci-platform: OHCI generic platform driver
[    2.130401] uhci_hcd: USB Universal Host Controller Interface driver
[    2.140487] i8042: PNP: PS/2 Controller [PNP0303:PS2K,PNP0f03:PS2M] at 0x60,0x64 irq 1,12
[    2.143715] serio: i8042 KBD port at 0x60,0x64 irq 1
[    2.151809] serio: i8042 AUX port at 0x60,0x64 irq 12
[    2.160356] mousedev: PS/2 mouse device common for all mice
[    2.177930] input: AT Translated Set 2 keyboard as /devices/platform/i8042/serio0/input/input2
[    2.181508] rtc_cmos rtc_cmos: rtc core: registered rtc_cmos as rtc0
[    2.183760] rtc_cmos rtc_cmos: alarms up to one day, 114 bytes nvram
[    2.186870] i2c /dev entries driver
[    2.196195] device-mapper: uevent: version 1.0.3
[    2.197952] device-mapper: ioctl: 4.34.0-ioctl (2015-10-28) initialised: dm-devel@redhat.com
[    2.221964] ledtrig-cpu: registered to indicate activity on CPUs
[    2.230730] NET: Registered protocol family 10
[    2.232493] NET: Registered protocol family 17
[    2.233922] Key type dns_resolver registered
[    2.236869] registered taskstats version 1
[    2.238208] Loading compiled-in X.509 certificates
[    2.246874] Loaded X.509 cert 'Build time autogenerated kernel key: a88b0f663ecfd40e6a501dee2f0b211d51902e35'
[    2.249642] zswap: loaded using pool lzo/zbud
[    2.253070] Key type trusted registered
[    2.266038] Key type encrypted registered
[    2.274358] AppArmor: AppArmor sha1 policy hashing enabled
[    2.275924] ima: No TPM chip found, activating TPM-bypass!
[    2.286385] ima: Allocated hash algorithm: sha1
[    2.287894] evm: HMAC attrs: 0x1
[    2.295495]   Magic number: 10:257:298
[    2.303770] rtc_cmos rtc_cmos: setting system clock to 2018-11-17 21:16:40 UTC (1542489400)
[    2.312139] BIOS EDD facility v0.16 2004-Jun-25, 0 devices found
[    2.313799] EDD information not available.
[    2.325740] Freeing unused kernel memory: 1528K
[    2.351302] Write protecting the kernel read-only data: 14336k
[    2.353643] Freeing unused kernel memory: 1664K
[    2.361717] Freeing unused kernel memory: 92K
Loading, please wait...
starting version 229
[    2.388784] random: udevadm: uninitialized urandom read (16 bytes read, 5 bits of entropy available)
[    2.399815] random: systemd-udevd: uninitialized urandom read (16 bytes read, 5 bits of entropy available)
[    2.410415] random: systemd-udevd: uninitialized urandom read (16 bytes read, 5 bits of entropy available)
[    2.413279] random: systemd-udevd: uninitialized urandom read (16 bytes read, 5 bits of entropy available)
[    2.416279] random: udevadm: uninitialized urandom read (16 bytes read, 5 bits of entropy available)
[    2.419691] random: systemd-udevd: uninitialized urandom read (16 bytes read, 5 bits of entropy available)
[    2.444170] random: systemd-udevd: uninitialized urandom read (16 bytes read, 5 bits of entropy available)
[    2.457124] random: udevadm: uninitialized urandom read (16 bytes read, 5 bits of entropy available)
[    2.459856] random: udevadm: uninitialized urandom read (16 bytes read, 5 bits of entropy available)
[    2.486490] random: systemd-udevd: uninitialized urandom read (16 bytes read, 5 bits of entropy available)
[    2.590699] Fusion MPT base driver 3.04.20
[    2.592143] Copyright (c) 1999-2008 LSI Corporation
[    2.605058] e1000: Intel(R) PRO/1000 Network Driver - version 7.3.21-k8-NAPI
[    2.606944] e1000: Copyright (c) 1999-2006 Intel Corporation.
[    2.665661] AVX2 version of gcm_enc/dec engaged.
[    2.674896] AES CTR mode by8 optimization enabled
[    2.712859] Fusion MPT SPI Host driver 3.04.20
[    2.812778] tsc: Refined TSC clocksource calibration: 3399.185 MHz
[    2.814479] clocksource: tsc: mask: 0xffffffffffffffff max_cycles: 0x30ff4cff4df, max_idle_ns: 440795270832 ns
[    2.869047] input: ImExPS/2 Generic Explorer Mouse as /devices/platform/i8042/serio1/input/input4
[    3.134059] e1000 0000:00:03.0 eth0: (PCI:33MHz:32-bit) 02:6c:0f:88:42:07
[    3.137066] e1000 0000:00:03.0 eth0: Intel(R) PRO/1000 Network Connection
[    3.156496] e1000 0000:00:03.0 enp0s3: renamed from eth0
[    3.160395] mptbase: ioc0: Initiating bringup
[    3.231706] ioc0: LSI53C1030 A0: Capabilities={Initiator}
[    3.438062] scsi host2: ioc0: LSI53C1030 A0, FwRev=00000000h, Ports=1, MaxQ=256, IRQ=20
[    3.564499] scsi 2:0:0:0: Direct-Access     VBOX     HARDDISK         1.0  PQ: 0 ANSI: 5
[    3.574514] scsi target2:0:0: Beginning Domain Validation
[    3.587516] scsi target2:0:0: Domain Validation skipping write tests
[    3.593665] scsi target2:0:0: Ending Domain Validation
[    3.597547] scsi target2:0:0: asynchronous
[    3.600035] scsi 2:0:1:0: Direct-Access     VBOX     HARDDISK         1.0  PQ: 0 ANSI: 5
[    3.604077] scsi target2:0:1: Beginning Domain Validation
[    3.610939] scsi target2:0:1: Domain Validation skipping write tests
[    3.634742] scsi target2:0:1: Ending Domain Validation
[    3.650323] scsi target2:0:1: asynchronous
[    3.657561] sd 2:0:0:0: Attached scsi generic sg0 type 0
[    3.659549] sd 2:0:0:0: [sda] 20971520 512-byte logical blocks: (10.7 GB/10.0 GiB)
[    3.664233] sd 2:0:1:0: [sdb] 20480 512-byte logical blocks: (10.5 MB/10.0 MiB)
[    3.667326] sd 2:0:1:0: Attached scsi generic sg1 type 0
[    3.683457] sd 2:0:0:0: [sda] Write Protect is off
[    3.693653] sd 2:0:1:0: [sdb] Write Protect is off
[    3.710270] sd 2:0:0:0: [sda] Incomplete mode parameter data
[    3.712048] sd 2:0:0:0: [sda] Assuming drive cache: write through
[    3.714657] sd 2:0:1:0: [sdb] Incomplete mode parameter data
[    3.716459] sd 2:0:1:0: [sdb] Assuming drive cache: write through
[    3.726856]  sda: sda1
[    3.728955] sd 2:0:0:0: [sda] Attached SCSI disk
[    3.732608] sd 2:0:1:0: [sdb] Attached SCSI disk
Begin: Loading essential drivers ... [    5.453596] md: linear personality registered for level -1
[    5.459219] md: multipath personality registered for level -4
[    5.465152] md: raid0 personality registered for level 0
[    5.479072] md: raid1 personality registered for level 1
[    5.554733] raid6: sse2x1   gen()  2733 MB/s
[    5.622707] raid6: sse2x1   xor()  1842 MB/s
[    5.690573] raid6: sse2x2   gen()  5015 MB/s
[    5.759262] raid6: sse2x2   xor()  3471 MB/s
[    5.827024] raid6: sse2x4   gen()  7485 MB/s
[    5.898590] raid6: sse2x4   xor()  4563 MB/s
[    5.966663] raid6: avx2x1   gen()  6183 MB/s
[    6.034559] raid6: avx2x2   gen() 11408 MB/s
[    6.102921] raid6: avx2x4   gen() 14462 MB/s
[    6.104242] raid6: using algorithm avx2x4 gen() 14462 MB/s
[    6.112393] raid6: using avx2x2 recovery algorithm
[    6.122182] xor: automatically using best checksumming function:
[    6.170878]    avx       : 17916.000 MB/sec
[    6.174309] async_tx: api initialized (async)
[    6.198941] md: raid6 personality registered for level 6
[    6.218237] md: raid5 personality registered for level 5
[    6.226016] md: raid4 personality registered for level 4
[    6.241487] md: raid10 personality registered for level 10
done.
Begin: Running /scripts/init-premount ... done.
Begin: Mounting root file system ... Begin: Running /scripts/local-top ... done.
Begin: Running /scripts/local-premount ... [    6.299024] Btrfs loaded
Scanning for Btrfs filesystems
done.
Warning: fsck not present, so skipping root file system
[    6.335698] EXT4-fs (sda1): mounted filesystem with ordered data mode. Opts: (null)
done.
Begin: Running /scripts/local-bottom ... done.
Begin: Running /scripts/init-bottom ... done.
[    6.468842] systemd[1]: systemd 229 running in system mode. (+PAM +AUDIT +SELINUX +IMA +APPARMOR +SMACK +SYSVINIT +UTMP +LIBCRYPTSETUP +GCRYPT +GNUTLS +ACL +XZ -LZ4 +SECCOMP +BLKID +ELFUTILS +KMOD -IDN)
[    6.483936] systemd[1]: Detected virtualization oracle.
[    6.493443] systemd[1]: Detected architecture x86-64.

Welcome to [1mUbuntu 16.04.5 LTS[0m!

[    6.505687] systemd[1]: Set hostname to <ubuntu-xenial>.
[    6.672518] systemd[1]: Reached target User and Group Name Lookups.
[[0;32m  OK  [0m] Reached target User and Group Name Lookups.
[    6.703943] systemd[1]: Listening on Journal Audit Socket.
[[0;32m  OK  [0m] Listening on Journal Audit Socket.
[    6.717947] systemd[1]: Created slice System Slice.
[[0;32m  OK  [0m] Created slice System Slice.
[    6.732161] systemd[1]: Created slice system-serial\x2dgetty.slice.
[[0;32m  OK  [0m] Created slice system-serial\x2dgetty.slice.
[    6.747411] systemd[1]: Reached target Encrypted Volumes.
[[0;32m  OK  [0m] Reached target Encrypted Volumes.
[    6.763661] systemd[1]: Started Forward Password Requests to Wall Directory Watch.
[[0;32m  OK  [0m] Started Forward Password Requests to Wall Directory Watch.
[    6.786964] systemd[1]: Listening on Device-mapper event daemon FIFOs.
[[0;32m  OK  [0m] Listening on Device-mapper event daemon FIFOs.
[    6.807448] systemd[1]: Listening on /dev/initctl Compatibility Named Pipe.
[[0;32m  OK  [0m] Listening on /dev/initctl Compatibility Named Pipe.
[    6.819734] systemd[1]: Reached target Swap.
[[0;32m  OK  [0m] Reached target Swap.
[    6.826441] systemd[1]: Set up automount Arbitrary Executable File Formats File System Automount Point.
[[0;32m  OK  [0m] Set up automount Arbitrary Executab...ats File System Automount Point.
[    6.838281] systemd[1]: Listening on udev Control Socket.
[[0;32m  OK  [0m] Listening on udev Control Socket.
[    6.855699] systemd[1]: Reached target System Time Synchronized.
[[0;32m  OK  [0m] Reached target System Time Synchronized.
[    6.866457] systemd[1]: Started Trigger resolvconf update for networkd DNS.
[[0;32m  OK  [0m] Started Trigger resolvconf update for networkd DNS.
[    6.874144] systemd[1]: Listening on udev Kernel Socket.
[[0;32m  OK  [0m] Listening on udev Kernel Socket.
[    6.878888] systemd[1]: Listening on Journal Socket.
[[0;32m  OK  [0m] Listening on Journal Socket.
[    6.891248] systemd[1]: Mounting POSIX Message Queue File System...
         Mounting POSIX Message Queue File System...
[    6.905111] systemd[1]: Starting Set console keymap...
         Starting Set console keymap...
[    6.925437] systemd[1]: Starting Load Kernel Modules...
         Starting Load Kernel Modules...
[    6.958060] systemd[1]: Starting Nameserver information manager...
         Starting Nameserver information manager...
[    6.979675] systemd[1]: Starting Create list of required static device nodes for the current kernel...
[    7.010770] Loading iSCSI transport class v2.0-870.
         Starting Create list of required st... nodes for the current kernel...
[    7.032781] systemd[1]: Mounting Huge Pages File System...
         Mounting Huge Pages File System...
[    7.047758] systemd[1]: Starting Remount Root and Kernel File Systems...
         Starting Remount Root and Kernel File Systems...
[    7.078611] systemd[1]: Starting Uncomplicated firewall...
         Starting Uncomplicated firewall...
[    7.085245] systemd[1]: Listening on LVM2 poll daemon socket.
[    7.095139] EXT4-fs (sda1): re-mounted. Opts: (null)
[[0;32m  OK  [0m] Listening on LVM2 poll daemon socket.
[    7.106744] systemd[1]: Listening on Syslog Socket.
[    7.117406] random: nonblocking pool is initialized
[    7.123086] iscsi: registered transport (tcp)
[[0;32m  OK  [0m] Listening on Syslog Socket.
[    7.136954] systemd[1]: Mounting Debug File System...
         Mounting Debug File System...
[    7.143941] systemd[1]: Created slice User and Session Slice.
[[0;32m  OK  [0m] Created slice User and Session Slice.
[    7.213783] systemd[1]: Listening on LVM2 metadata daemon socket.
[[0;32m  OK  [0m] Listening on LVM2 metadata daemon socket.
[    7.223732] systemd[1]: Starting Monitoring of LVM2 mirrors, snapshots etc. using dmeventd or progress polling...
         Starting Monitoring of LVM2 mirrors... dmeventd or progress polling...
[    7.294006] systemd[1]: Listening on Journal Socket (/dev/log).
[[0;32m  OK  [0m] Listening on Journal Socket (/dev/log).
[    7.302667] systemd[1]: Reached target Slices.
[[0;32m  OK  [0m] Reached target Slices.
[    7.312079] systemd[1]: Starting Journal Service...
         Starting Journal Service...
[    7.323262] systemd[1]: Mounted Huge Pages File System.
[[0;32m  OK  [0m] Mounted Huge Pages File System.
[    7.326530] systemd[1]: Mounted POSIX Message Queue File System.
[    7.339114] iscsi: registered transport (iser)
[[0;32m  OK  [0m] Mounted POSIX Message Queue File System.
[    7.349990] systemd[1]: Mounted Debug File System.
[[0;32m  OK  [0m] Mounted Debug File System.
[    7.368276] systemd[1]: Started Create list of required static device nodes for the current kernel.
[[0;32m  OK  [0m] Started Create list of required sta...ce nodes for the current kernel.
[    7.397604] systemd[1]: Started Remount Root and Kernel File Systems.
[[0;32m  OK  [0m] Started Remount Root and Kernel File Systems.
[    7.407076] systemd[1]: Started Load Kernel Modules.
[[0;32m  OK  [0m] Started Load Kernel Modules.
[    7.415750] systemd[1]: Started Uncomplicated firewall.
[[0;32m  OK  [0m] Started Uncomplicated firewall.
[    7.459528] systemd[1]: Started Nameserver information manager.
[[0;32m  OK  [0m] Started Nameserver information manager.
[    7.499827] systemd[1]: Started Set console keymap.
[[0;32m  OK  [0m] Started Set console keymap.
[    7.508554] systemd[1]: Started Journal Service.
[[0;32m  OK  [0m] Started Journal Service.
[[0;32m  OK  [0m] Started LVM2 metadata daemon.
         Mounting FUSE Control File System...
         Starting Apply Kernel Variables...
         Starting Load/Save Random Seed...
         Starting udev Coldplug all Devices...
         Starting Flush Journal to Persistent Storage...
         Starting Create Static Device Nodes in /dev...
[[0;32m  OK  [0m] Mounted FUSE Control File System.
[[0;32m  OK  [0m] Started Apply Kernel Variables.
[[0;32m  OK  [0m] Started Load/Save Random Seed.
[[0;32m  OK  [0m] Started Create Static Device Nodes in /dev.
[[0;32m  OK  [0m] Started udev Coldplug all Devices.
[[0;32m  OK  [0m] Started Flush Journal to Persistent Storage.
[[0;32m  OK  [0m] Started Monitoring of LVM2 mirrors,...ng dmeventd or progress polling.
[[0;32m  OK  [0m] Reached target Local File Systems (Pre).
         Mounting Mount unit for core, revision 5742...
[[0;32m  OK  [0m] Reached target Local File Systems.
         Starting Create Volatile Files and Directories...
         Starting Initial cloud-init job (pre-networking)...
         Starting LSB: AppArmor initialization...
         Starting Set console font and keymap...
         Starting Tell Plymouth To Write Out Runtime Data...
         Mounting Mount unit for kubectl, revision 585...
         Starting udev Kernel Device Manager...
[[0;32m  OK  [0m] Mounted Mount unit for core, revision 5742.
[[0;32m  OK  [0m] Started Create Volatile Files and Directories.
[[0;32m  OK  [0m] Started Tell Plymouth To Write Out Runtime Data.
[[0;32m  OK  [0m] Mounted Mount unit for kubectl, revision 585.
[[0;32m  OK  [0m] Started udev Kernel Device Manager.
[[0;32m  OK  [0m] Started Dispatch Password Requests to Console Directory Watch.
         Starting Update UTMP about System Boot/Shutdown...
[[0;32m  OK  [0m] Started Update UTMP about System Boot/Shutdown.
[[0;32m  OK  [0m] Started LSB: AppArmor initialization.
[[0;32m  OK  [0m] Found device /dev/ttyS0.
[[0;32m  OK  [0m] Listening on Load/Save RF Kill Switch Status /dev/rfkill Watch.
[[0;32m  OK  [0m] Found device 82540EM Gigabit Ethern...r (PRO/1000 MT Desktop Adapter).
[[0;32m  OK  [0m] Started Initial cloud-init job (pre-networking).
[   10.131731] cloud-init[477]: Cloud-init v. 18.4-0ubuntu1~16.04.2 running 'init-local' at Sat, 17 Nov 2018 21:16:48 +0000. Up 9.30 seconds.
[[0;32m  OK  [0m] Reached target Network (Pre).
[[0;32m  OK  [0m] Started ifup for enp0s3.
         Starting Raise network interfaces...
[[0;32m  OK  [0m] Started Set console font and keymap.
[[0;32m  OK  [0m] Created slice system-getty.slice.
[[0;32m  OK  [0m] Started Raise network interfaces.
         Starting Initial cloud-init job (metadata service crawler)...
[[0;32m  OK  [0m] Reached target Network.
[   12.678061] cloud-init[998]: Cloud-init v. 18.4-0ubuntu1~16.04.2 running 'init' at Sat, 17 Nov 2018 21:16:51 +0000. Up 12.26 seconds.
[   12.681061] cloud-init[998]: ci-info: +++++++++++++++++++++++++++++++++++++Net device info++++++++++++++++++++++++++++++++++++++
[   12.687226] cloud-init[998]: ci-info: +--------+------+---------------------------+---------------+--------+-------------------+
[   12.695405] cloud-init[998]: ci-info: | Device |  Up  |          Address          |      Mask     | Scope  |     Hw-Address    |
[   12.700617] cloud-init[998]: ci-info: +--------+------+---------------------------+---------------+--------+-------------------+
[   12.706008] cloud-init[998]: ci-info: | enp0s3 | True |         10.0.2.15         | 255.255.255.0 | global | 02:6c:0f:88:42:07 |
[   12.711359] cloud-init[998]: ci-info: | enp0s3 | True | fe80::6c:fff:fe88:4207/64 |       .       |  link  | 02:6c:0f:88:42:07 |
[   12.717021] cloud-init[998]: ci-info: |   lo   | True |         127.0.0.1         |   255.0.0.0   |  host  |         .         |
[   12.722058] cloud-init[998]: ci-info: |   lo   | True |          ::1/128          |       .       |  host  |         .         |
[   12.724881] cloud-init[998]: ci-info: +--------+------+---------------------------+---------------+--------+-------------------+
[   12.729657] cloud-init[998]: ci-info: +++++++++++++++++++++++++++Route IPv4 info++++++++++++++++++++++++++++
[   12.734727] cloud-init[998]: ci-info: +-------+-------------+----------+---------------+-----------+-------+
[   12.748793] cloud-init[998]: ci-info: | Route | Destination | Gateway  |    Genmask    | Interface | Flags |
[   12.753905] cloud-init[998]: ci-info: +-------+-------------+----------+---------------+-----------+-------+
[   12.759500] cloud-init[998]: ci-info: |   0   |   0.0.0.0   | 10.0.2.2 |    0.0.0.0    |   enp0s3  |   UG  |
[   12.768349] cloud-init[998]: ci-info: |   1   |   10.0.2.0  | 0.0.0.0  | 255.255.255.0 |   enp0s3  |   U   |
[   12.774236] cloud-init[998]: ci-info: +-------+-------------+----------+---------------+-----------+-------+
[[0;32m  OK  [0m] Started Initial cloud-init job (metadata service crawler).
[   12.784273] cloud-init[998]: ci-info: +++++++++++++++++++Route IPv6 info+++++++++++++++++++
[   12.791288] cloud-init[998]: ci-info: +-------+-------------+---------+-----------+-------+
[   12.797644] cloud-init[998]: ci-info: | Route | Destination | Gateway | Interface | Flags |
[[0;32m  OK  [0m] Reached target Network is Online.
         Starting iSCSI initiator daemon (iscsid)...
[   12.804171] cloud-init[998]: ci-info: +-------+-------------+---------+-----------+-------+
[   12.805912] cloud-init[998]: ci-info: |   0   |  fe80::/64  |    ::   |   enp0s3  |   U   |
[   12.807655] cloud-init[998]: ci-info: |   4   |   ff00::/8  |    ::   |   enp0s3  |   U   |
[   12.807967] cloud-init[998]: ci-info: +-------+-------------+---------+-----------+-------+
[[0;32m  OK  [0m] Reached target System Initialization.
[[0;32m  OK  [0m] Listening on UUID daemon activation socket.
[[0;32m  OK  [0m] Listening on D-Bus System Message Bus Socket.
[[0;32m  OK  [0m] Started ACPI Events Check.
[[0;32m  OK  [0m] Reached target Paths.
         Starting LXD - unix socket.
[[0;32m  OK  [0m] Listening on ACPID Listen Socket.
[[0;32m  OK  [0m] Started Daily Cleanup of Temporary Directories.
[[0;32m  OK  [0m] Started Daily apt download activities.
[[0;32m  OK  [0m] Started Daily apt upgrade and clean activities.
[[0;32m  OK  [0m] Reached target Timers.
         Starting Socket activation for snappy daemon.
[[0;32m  OK  [0m] Reached target Cloud-config availability.
[[0;32m  OK  [0m] Listening on LXD - unix socket.
[[0;32m  OK  [0m] Listening on Socket activation for snappy daemon.
[[0;32m  OK  [0m] Started iSCSI initiator daemon (iscsid).
         Starting Login to default iSCSI targets...
[[0;32m  OK  [0m] Reached target Sockets.
[[0;32m  OK  [0m] Reached target Basic System.
         Starting /etc/rc.local Compatibility...
         Starting VirtualBox Linux kernel module...
[[0;32m  OK  [0m] Started Regular background program processing daemon.
         Starting LSB: MD monitoring daemon...
         Starting Virtualbox guest utils...
[[0;32m  OK  [0m] Started Deferred execution scheduler.
[[0;32m  OK  [0m] Started FUSE filesystem for LXC.
[[0;32m  OK  [0m] Started D-Bus System Message Bus.
         Starting System Logging Service...
         Starting Login Service...
         Starting Accounts Service...
         Starting Snappy daemon...
         Starting OpenBSD Secure Shell server...
         Starting LSB: Record successful boot for GRUB...
[[0;32m  OK  [0m] Started ACPI event daemon.
[[0;32m  OK  [0m] Started Unattended Upgrades Shutdown.
         Starting LXD - container startup/shutdown...
[[0;32m  OK  [0m] Started /etc/rc.local Compatibility.
[[0;32m  OK  [0m] Started System Logging Service.
[[0;32m  OK  [0m] Started Login to default iSCSI targets.
[[0;32m  OK  [0m] Started OpenBSD Secure Shell server.
[[0;32m  OK  [0m] Started LSB: MD monitoring daemon.
[[0;32m  OK  [0m] Started LXD - container startup/shutdown.
[[0;32m  OK  [0m] Started LSB: Record successful boot for GRUB.
[[0;32m  OK  [0m] Started Login Service.
         Starting Authenticate and Authorize Users to Run Privileged Tasks...
[[0;32m  OK  [0m] Reached target Remote File Systems (Pre).
[[0;32m  OK  [0m] Reached target Remote File Systems.
         Starting LSB: daemon to balance interrupts for SMP systems...
         Starting LSB: Set the CPU Frequency Scaling governor to "ondemand"...
         Starting Permit User Sessions...
         Starting LSB: automatic crash report generation...
[[0;32m  OK  [0m] Started Permit User Sessions.
[[0;32m  OK  [0m] Started Authenticate and Authorize Users to Run Privileged Tasks.
[[0;32m  OK  [0m] Started LSB: Set the CPU Frequency Scaling governor to "ondemand".
[[0;32m  OK  [0m] Started Accounts Service.
         Starting Hold until boot process finishes up...
         Starting Terminate Plymouth Boot Screen...
[[0;32m  OK  [0m] Started Hold until boot process finishes up.
[[0;32m  OK  [0m] Started Terminate Plymouth Boot Screen.
[[0;32m  OK  [0m] Started Getty on tty1.
         Starting Set console scheme...
[[0;32m  OK  [0m] Started Serial Getty on ttyS0.
[[0;32m  OK  [0m] Reached target Login Prompts.
[[0;32m  OK  [0m] Started LSB: daemon to balance interrupts for SMP systems.
[[0;32m  OK  [0m] Started Set console scheme.
[[0;32m  OK  [0m] Started LSB: automatic crash report generation.
[[0;32m  OK  [0m] Started Virtualbox guest utils.
[[0;32m  OK  [0m] Started VirtualBox Linux kernel module.
         Starting vboxautostart-service.service...
         Starting vboxballoonctrl-service.service...
         Starting vboxweb-service.service...
[[0;32m  OK  [0m] Started vboxballoonctrl-service.service.
[[0;32m  OK  [0m] Started vboxautostart-service.service.
[[0;32m  OK  [0m] Started vboxweb-service.service.
[[0;32m  OK  [0m] Started Snappy daemon.
         Starting Wait until snapd is fully seeded...
[[0;32m  OK  [0m] Started Wait until snapd is fully seeded.
[[0;32m  OK  [0m] Reached target Multi-User System.
[[0;32m  OK  [0m] Reached target Graphical Interface.
         Starting Update UTMP about System Runlevel Changes...
         Starting Apply the settings specified in cloud-config...
[[0;32m  OK  [0m] Started Update UTMP about System Runlevel Changes.
[   15.785297] cloud-init[1310]: Cloud-init v. 18.4-0ubuntu1~16.04.2 running 'modules:config' at Sat, 17 Nov 2018 21:16:54 +0000. Up 15.61 seconds.
[[0;32m  OK  [0m] Started Apply the settings specified in cloud-config.
         Starting Execute cloud user/final scripts...
[   16.816703] cloud-init[1323]: Cloud-init v. 18.4-0ubuntu1~16.04.2 running 'modules:final' at Sat, 17 Nov 2018 21:16:55 +0000. Up 16.59 seconds.
[   16.820383] cloud-init[1323]: Cloud-init v. 18.4-0ubuntu1~16.04.2 finished at Sat, 17 Nov 2018 21:16:55 +0000. Datasource DataSourceNoCloud [seed=/dev/sdb][dsmode=net].  Up 16.80 seconds
[[0;32m  OK  [0m] Started Execute cloud user/final scripts.
[[0;32m  OK  [0m] Reached target Cloud-init target.

Ubuntu 16.04.5 LTS ubuntu-xenial ttyS0

ubuntu-xenial login: [[0;32m  OK  [0m] Closed Load/Save RF Kill Switch Status /dev/rfkill Watch.
[[0;32m  OK  [0m] Stopped target Timers.
[[0;32m  OK  [0m] Stopped Daily Cleanup of Temporary Directories.
[[0;32m  OK  [0m] Stopped Daily apt upgrade and clean activities.
         Stopping Authenticate and Authorize Users to Run Privileged Tasks...
[[0;32m  OK  [0m] Stopped target Graphical Interface.
[[0;32m  OK  [0m] Stopped Daily apt download activities.
         Stopping ACPI event daemon...
[[0;32m  OK  [0m] Stopped target Cloud-init target.
[[0;32m  OK  [0m] Stopped Execute cloud user/final scripts.
[[0;32m  OK  [0m] Stopped target Multi-User System.
         Stopping vboxballoonctrl-service.service...
         Stopping Regular background program processing daemon...
         Stopping LSB: Record successful boot for GRUB...
         Stopping System Logging Service...
         Stopping Login Service...
         Stopping FUSE filesystem for LXC...
         Stopping OpenBSD Secure Shell server...
         Stopping Virtualbox guest utils...
         Stopping Unattended Upgrades Shutdown...
         Stopping LXD - container startup/shutdown...
         Stopping D-Bus System Message Bus...
         Stopping LSB: daemon to balance interrupts for SMP systems...
         Stopping Deferred execution scheduler...
         Stopping LSB: Set the CPU Frequency Scaling governor to "ondema          Stopping vboxautostart-service.service...
         Stopping Accounts Service...
         Stopping vboxweb-service.service...
         Stopping LSB: MD monitoring daemon...
[[0;32m  OK  [0m] Unmounted /var/lib/lxcfs.
[[0;32m  OK  [0m] Stopped Regular background program processing daemon.
[[0;32m  OK  [0m] Stopped Deferred execution scheduler.
[[0;32m  OK  [0m] Stopped System Logging Service.
[[0;32m  OK  [0m] Stopped Login Service.
[[0;32m  OK  [0m] Stopped Accounts Service.
[[0;32m  OK  [0m] Stopped Snappy daemon.
[[0;32m  OK  [0m] Stopped OpenBSD Secure Shell server.
[[0;32m  OK  [0m] Stopped Authenticate and Authorize Users to Run Privileged Tasks.
[[0;32m  OK  [0m] Stopped Getty on tty1.
[[0;32m  OK  [0m] Stopped ACPI event daemon.
[[0;32m  OK  [0m] Stopped Serial Getty on ttyS0.
[[0;32m  OK  [0m] Stopped vboxballoonctrl-service.service.
[[0;32m  OK  [0m] Stopped D-Bus System Message Bus.
[[0;32m  OK  [0m] Stopped vboxautostart-service.service.
[[0;32m  OK  [0m] Stopped vboxweb-service.service.
[[0;32m  OK  [0m] Stopped FUSE filesystem for LXC.
[[0;32m  OK  [0m] Stopped LXD - container startup/shutdown.
[[0;32m  OK  [0m] Stopped Virtualbox guest utils.
[[0;32m  OK  [0m] Stopped Unattended Upgrades Shutdown.
[[0;32m  OK  [0m] Stopped LSB: Set the CPU Frequency Scaling governor to "ondemand".
[[0;32m  OK  [0m] Stopped LSB: MD monitoring daemon.
[[0;32m  OK  [0m] Stopped LSB: Record successful boot for GRUB.
[[0;32m  OK  [0m] Stopped LSB: automatic crash report generation.
[[0;32m  OK  [0m] Stopped LSB: daemon to balance interrupts for SMP systems.
         Stopping VirtualBox Linux kernel module...
[[0;32m  OK  [0m] Removed slice system-serial\x2dgetty.slice.
         Stopping Permit User Sessions...
[[0;32m  OK  [0m] Removed slice system-getty.slice.
[[0;32m  OK  [0m] Stopped /etc/rc.local Compatibility.
         Unmounting Mount unit for kubectl, revision 585...
         Unmounting Mount unit for core, revision 5742...
[[0;32m  OK  [0m] Stopped Permit User Sessions.
[[0;32m  OK  [0m] Unmounted Mount unit for kubectl, revision 585.
[[0;32m  OK  [0m] Unmounted Mount unit for core, revision 5742.
[[0;32m  OK  [0m] Reached target Unmount All Filesystems.
[[0;32m  OK  [0m] Stopped target User and Group Name Lookups.
[[0;32m  OK  [0m] Stopped target Remote File Systems.
[[0;32m  OK  [0m] Stopped target Remote File Systems (Pre).
         Stopping Login to default iSCSI targets...
[[0;32m  OK  [0m] Stopped Login to default iSCSI targets.
         Stopping iSCSI initiator daemon (iscsid)...
[[0;32m  OK  [0m] Stopped iSCSI initiator daemon (iscsid).
[[0;32m  OK  [0m] Stopped target Network is Online.
[[0;32m  OK  [0m] Stopped target Network.
[[0;32m  OK  [0m] Stopped VirtualBox Linux kernel module.
[[0;32m  OK  [0m] Stopped target Basic System.
[[0;32m  OK  [0m] Stopped target Sockets.
[[0;32m  OK  [0m] Closed LXD - unix socket.
[[0;32m  OK  [0m] Closed D-Bus System Message Bus Socket.
[[0;32m  OK  [0m] Closed Syslog Socket.
[[0;32m  OK  [0m] Closed UUID daemon activation socket.
[[0;32m  OK  [0m] Closed Socket activation for snappy daemon.
[[0;32m  OK  [0m] Closed ACPID Listen Socket.
[[0;32m  OK  [0m] Stopped target Slices.
[[0;32m  OK  [0m] Removed slice User and Session Slice.
[[0;32m  OK  [0m] Stopped target Paths.
[[0;32m  OK  [0m] Stopped Dispatch Password Requests to Console Directory Watch.
[[0;32m  OK  [0m] Stopped ACPI Events Check.
[[0;32m  OK  [0m] Stopped Forward Password Requests to Wall Directory Watch.
[[0;32m  OK  [0m] Stopped target System Initialization.
         Stopping Load/Save Random Seed...
[[0;32m  OK  [0m] Stopped target Swap.
[[0;32m  OK  [0m] Stopped target Encrypted Volumes.
         Stopping Update UTMP about System Boot/Shutdown...
[[0;32m  OK  [0m] Stopped Initial cloud-init job (metadata service crawler).
         Stopping Raise network interfaces...
[[0;32m  OK  [0m] Stopped Load/Save Random Seed.
[[0;32m  OK  [0m] Stopped Update UTMP about System Boot/Shutdown.
[[0;32m  OK  [0m] Stopped Create Volatile Files and Directories.
[[0;32m  OK  [0m] Stopped Raise network interfaces.
[[0;32m  OK  [0m] Stopped target Network (Pre).
[[0;32m  OK  [0m] Stopped Initial cloud-init job (pre-networking).
[[0;32m  OK  [0m] Stopped Apply Kernel Variables.
[[0;32m  OK  [0m] Stopped Load Kernel Modules.
[[0;32m  OK  [0m] Stopped target Local File Systems.
[[0;32m  OK  [0m] Stopped target Local File Systems (Pre).
         Stopping Monitoring of LVM2 mirrors... dmeventd or progress polling...
[[0;32m  OK  [0m] Stopped Create Static Device Nodes in /dev.
[[0;32m  OK  [0m] Stopped Remount Root and Kernel File Systems.
[[0;32m  OK  [0m] Reached target Shutdown.
[  165.964390] reboot: Power down
