[    0.000000] Initializing cgroup subsys cpuset
[    0.000000] Initializing cgroup subsys cpu
[    0.000000] Initializing cgroup subsys cpuacct
[    0.000000] Linux version 4.4.0-190-generic (buildd@lcy01-amd64-026) (gcc version 5.4.0 20160609 (Ubuntu 5.4.0-6ubuntu1~16.04.12) ) #220-Ubuntu SMP Fri Aug 28 23:02:15 UTC 2020 (Ubuntu 4.4.0-190.220-generic 4.4.233)
[    0.000000] Command line: BOOT_IMAGE=/boot/vmlinuz-4.4.0-190-generic root=LABEL=cloudimg-rootfs ro console=tty1 console=ttyS0
[    0.000000] KERNEL supported cpus:
[    0.000000]   Intel GenuineIntel
[    0.000000]   AMD AuthenticAMD
[    0.000000]   Centaur CentaurHauls
[    0.000000] x86/fpu: xstate_offset[2]:  576, xstate_sizes[2]:  256
[    0.000000] x86/fpu: Supporting XSAVE feature 0x01: 'x87 floating point registers'
[    0.000000] x86/fpu: Supporting XSAVE feature 0x02: 'SSE registers'
[    0.000000] x86/fpu: Supporting XSAVE feature 0x04: 'AVX registers'
[    0.000000] x86/fpu: Enabled xstate features 0x7, context size is 832 bytes, using 'standard' format.
[    0.000000] e820: BIOS-provided physical RAM map:
[    0.000000] BIOS-e820: [mem 0x0000000000000000-0x000000000009fbff] usable
[    0.000000] BIOS-e820: [mem 0x000000000009fc00-0x000000000009ffff] reserved
[    0.000000] BIOS-e820: [mem 0x00000000000f0000-0x00000000000fffff] reserved
[    0.000000] BIOS-e820: [mem 0x0000000000100000-0x00000000dffeffff] usable
[    0.000000] BIOS-e820: [mem 0x00000000dfff0000-0x00000000dfffffff] ACPI data
[    0.000000] BIOS-e820: [mem 0x00000000fec00000-0x00000000fec00fff] reserved
[    0.000000] BIOS-e820: [mem 0x00000000fee00000-0x00000000fee00fff] reserved
[    0.000000] BIOS-e820: [mem 0x00000000fffc0000-0x00000000ffffffff] reserved
[    0.000000] BIOS-e820: [mem 0x0000000100000000-0x000000011fffffff] usable
[    0.000000] NX (Execute Disable) protection: active
[    0.000000] SMBIOS 2.5 present.
[    0.000000] Hypervisor detected: KVM
[    0.000000] e820: last_pfn = 0x120000 max_arch_pfn = 0x400000000
[    0.000000] MTRR: Disabled
[    0.000000] x86/PAT: MTRRs disabled, skipping PAT initialization too.
[    0.000000] CPU MTRRs all blank - virtualized system.
[    0.000000] x86/PAT: Configuration [0-7]: WB  WT  UC- UC  WB  WT  UC- UC  
[    0.000000] e820: last_pfn = 0xdfff0 max_arch_pfn = 0x400000000
[    0.000000] found SMP MP-table at [mem 0x0009fff0-0x0009ffff] mapped at [ffff88000009fff0]
[    0.000000] Scanning 1 areas for low memory corruption
[    0.000000] RAMDISK: [mem 0x362de000-0x37166fff]
[    0.000000] ACPI: Early table checksum verification disabled
[    0.000000] ACPI: RSDP 0x00000000000E0000 000024 (v02 VBOX  )
[    0.000000] ACPI: XSDT 0x00000000DFFF0030 00003C (v01 VBOX   VBOXXSDT 00000001 ASL  00000061)
[    0.000000] ACPI: FACP 0x00000000DFFF00F0 0000F4 (v04 VBOX   VBOXFACP 00000001 ASL  00000061)
[    0.000000] ACPI: DSDT 0x00000000DFFF0470 002325 (v02 VBOX   VBOXBIOS 00000002 INTL 20120111)
[    0.000000] ACPI: FACS 0x00000000DFFF0200 000040
[    0.000000] ACPI: FACS 0x00000000DFFF0200 000040
[    0.000000] ACPI: APIC 0x00000000DFFF0240 00005C (v02 VBOX   VBOXAPIC 00000001 ASL  00000061)
[    0.000000] ACPI: SSDT 0x00000000DFFF02A0 0001CC (v01 VBOX   VBOXCPUT 00000002 INTL 20120111)
[    0.000000] No NUMA configuration found
[    0.000000] Faking a node at [mem 0x0000000000000000-0x000000011fffffff]
[    0.000000] NODE_DATA(0) allocated [mem 0x11fff7000-0x11fffbfff]
[    0.000000] kvm-clock: Using msrs 4b564d01 and 4b564d00
[    0.000000] kvm-clock: cpu 0, msr 1:1ffef001, primary cpu clock
[    0.000000] kvm-clock: using sched offset of 3822200537 cycles
[    0.000000] clocksource: kvm-clock: mask: 0xffffffffffffffff max_cycles: 0x1cd42e4dffb, max_idle_ns: 881590591483 ns
[    0.000000] Zone ranges:
[    0.000000]   DMA      [mem 0x0000000000001000-0x0000000000ffffff]
[    0.000000]   DMA32    [mem 0x0000000001000000-0x00000000ffffffff]
[    0.000000]   Normal   [mem 0x0000000100000000-0x000000011fffffff]
[    0.000000]   Device   empty
[    0.000000] Movable zone start for each node
[    0.000000] Early memory node ranges
[    0.000000]   node   0: [mem 0x0000000000001000-0x000000000009efff]
[    0.000000]   node   0: [mem 0x0000000000100000-0x00000000dffeffff]
[    0.000000]   node   0: [mem 0x0000000100000000-0x000000011fffffff]
[    0.000000] Initmem setup node 0 [mem 0x0000000000001000-0x000000011fffffff]
[    0.000000] ACPI: PM-Timer IO Port: 0x4008
[    0.000000] IOAPIC[0]: apic_id 2, version 32, address 0xfec00000, GSI 0-23
[    0.000000] ACPI: INT_SRC_OVR (bus 0 bus_irq 0 global_irq 2 dfl dfl)
[    0.000000] ACPI: INT_SRC_OVR (bus 0 bus_irq 9 global_irq 9 low level)
[    0.000000] Using ACPI (MADT) for SMP configuration information
[    0.000000] smpboot: Allowing 2 CPUs, 0 hotplug CPUs
[    0.000000] PM: Registered nosave memory: [mem 0x00000000-0x00000fff]
[    0.000000] PM: Registered nosave memory: [mem 0x0009f000-0x0009ffff]
[    0.000000] PM: Registered nosave memory: [mem 0x000a0000-0x000effff]
[    0.000000] PM: Registered nosave memory: [mem 0x000f0000-0x000fffff]
[    0.000000] PM: Registered nosave memory: [mem 0xdfff0000-0xdfffffff]
[    0.000000] PM: Registered nosave memory: [mem 0xe0000000-0xfebfffff]
[    0.000000] PM: Registered nosave memory: [mem 0xfec00000-0xfec00fff]
[    0.000000] PM: Registered nosave memory: [mem 0xfec01000-0xfedfffff]
[    0.000000] PM: Registered nosave memory: [mem 0xfee00000-0xfee00fff]
[    0.000000] PM: Registered nosave memory: [mem 0xfee01000-0xfffbffff]
[    0.000000] PM: Registered nosave memory: [mem 0xfffc0000-0xffffffff]
[    0.000000] e820: [mem 0xe0000000-0xfebfffff] available for PCI devices
[    0.000000] Booting paravirtualized kernel on KVM
[    0.000000] clocksource: refined-jiffies: mask: 0xffffffff max_cycles: 0xffffffff, max_idle_ns: 7645519600211568 ns
[    0.000000] setup_percpu: NR_CPUS:512 nr_cpumask_bits:512 nr_cpu_ids:2 nr_node_ids:1
[    0.000000] PERCPU: Embedded 33 pages/cpu @ffff88011fc00000 s95512 r8192 d31464 u1048576
[    0.000000] Built 1 zonelists in Node order, mobility grouping on.  Total pages: 1032056
[    0.000000] Policy zone: Normal
[    0.000000] Kernel command line: BOOT_IMAGE=/boot/vmlinuz-4.4.0-190-generic root=LABEL=cloudimg-rootfs ro console=tty1 console=ttyS0
[    0.000000] PID hash table entries: 4096 (order: 3, 32768 bytes)
[    0.000000] Memory: 4028172K/4193848K available (8636K kernel code, 1337K rwdata, 4040K rodata, 1492K init, 1296K bss, 165676K reserved, 0K cma-reserved)
[    0.000000] SLUB: HWalign=64, Order=0-3, MinObjects=0, CPUs=2, Nodes=1
[    0.000000] Kernel/User page tables isolation: enabled
[    0.000000] Hierarchical RCU implementation.
[    0.000000] 	Build-time adjustment of leaf fanout to 64.
[    0.000000] 	RCU restricting CPUs from NR_CPUS=512 to nr_cpu_ids=2.
[    0.000000] RCU: Adjusting geometry for rcu_fanout_leaf=64, nr_cpu_ids=2
[    0.000000] NR_IRQS:33024 nr_irqs:440 16
[    0.000000] Console: colour VGA+ 80x25
[    0.000000] console [tty1] enabled
[    0.000000] console [ttyS0] enabled
[    0.000000] tsc: Detected 2304.000 MHz processor
[    0.269954] Calibrating delay loop (skipped) preset value.. 4608.00 BogoMIPS (lpj=9216000)
[    0.271906] pid_max: default: 32768 minimum: 301
[    0.272984] ACPI: Core revision 20150930
[    0.274705] ACPI: 2 ACPI AML tables successfully acquired and loaded
[    0.276483] Security Framework initialized
[    0.277509] Yama: becoming mindful.
[    0.278393] AppArmor: AppArmor initialized
[    0.280687] Dentry cache hash table entries: 524288 (order: 10, 4194304 bytes)
[    0.285063] Inode-cache hash table entries: 262144 (order: 9, 2097152 bytes)
[    0.286930] Mount-cache hash table entries: 8192 (order: 4, 65536 bytes)
[    0.288455] Mountpoint-cache hash table entries: 8192 (order: 4, 65536 bytes)
[    0.291271] Initializing cgroup subsys io
[    0.292334] Initializing cgroup subsys memory
[    0.293672] Initializing cgroup subsys devices
[    0.294822] Initializing cgroup subsys freezer
[    0.295914] Initializing cgroup subsys net_cls
[    0.297074] Initializing cgroup subsys perf_event
[    0.298275] Initializing cgroup subsys net_prio
[    0.299333] Initializing cgroup subsys hugetlb
[    0.300371] Initializing cgroup subsys pids
[    0.302524] mce: CPU supports 0 MCE banks
[    0.303507] Last level iTLB entries: 4KB 64, 2MB 8, 4MB 8
[    0.304707] Last level dTLB entries: 4KB 64, 2MB 0, 4MB 0, 1GB 4
[    0.306319] Spectre V1 : Mitigation: usercopy/swapgs barriers and __user pointer sanitization
[    0.308337] Spectre V2 : Mitigation: Full generic retpoline
[    0.309771] Spectre V2 : Spectre v2 / SpectreRSB mitigation: Filling RSB on context switch
[    0.311743] Speculative Store Bypass: Vulnerable
[    0.312817] SRBDS: Unknown: Dependent on hypervisor status
[    0.314163] MDS: Mitigation: Clear CPU buffers
[    0.317640] Freeing SMP alternatives memory: 36K
[    0.324140] ftrace: allocating 32339 entries in 127 pages
[    0.380390] smpboot: APIC(0) Converting physical 0 to logical package 0
[    0.388781] smpboot: Max logical packages: 1
[    0.389981] x2apic enabled
[    0.390869] Switched APIC routing to physical x2apic.
[    0.393057] ..TIMER: vector=0x30 apic1=0 pin1=2 apic2=-1 pin2=-1
[    0.502660] smpboot: CPU0: Intel(R) Core(TM) i9-9880H CPU @ 2.30GHz (family: 0x6, model: 0x9e, stepping: 0xd)
[    0.505085] Performance Events: unsupported p6 CPU model 158 no PMU driver, software events only.
[    0.517207] KVM setup paravirtual spinlock
[    0.518896] x86: Booting SMP configuration:
[    0.520176] .... node  #0, CPUs:      #1
[    0.521547] kvm-clock: cpu 1, msr 1:1ffef041, secondary cpu clock
[    0.524068] mce: CPU supports 0 MCE banks
[    0.526875] x86: Booted up 1 node, 2 CPUs
[    0.528209] smpboot: Total of 2 processors activated (9216.00 BogoMIPS)
[    0.530255] devtmpfs: initialized
[    0.532842] evm: security.selinux
[    0.533672] evm: security.SMACK64
[    0.534507] evm: security.SMACK64EXEC
[    0.535488] evm: security.SMACK64TRANSMUTE
[    0.536456] evm: security.SMACK64MMAP
[    0.537340] evm: security.ima
[    0.538166] evm: security.capability
[    0.539316] clocksource: jiffies: mask: 0xffffffff max_cycles: 0xffffffff, max_idle_ns: 7645041785100000 ns
[    0.541517] futex hash table entries: 512 (order: 3, 32768 bytes)
[    0.543070] pinctrl core: initialized pinctrl subsystem
[    0.544350] RTC time: 19:21:46, date: 11/23/20
[    0.545528] NET: Registered protocol family 16
[    0.559733] cpuidle: using governor ladder
[    0.571598] cpuidle: using governor menu
[    0.572612] PCCT header not found.
[    0.573512] ACPI: bus type PCI registered
[    0.574466] acpiphp: ACPI Hot Plug PCI Controller Driver version: 0.5
[    0.576127] PCI: Using configuration type 1 for base access
[    0.592481] ACPI: Added _OSI(Module Device)
[    0.594131] ACPI: Added _OSI(Processor Device)
[    0.595256] ACPI: Added _OSI(3.0 _SCP Extensions)
[    0.596449] ACPI: Added _OSI(Processor Aggregator Device)
[    0.598496] ACPI: Executed 1 blocks of module-level executable AML code
[    0.601877] ACPI: Interpreter enabled
[    0.602788] ACPI: (supports S0 S5)
[    0.603716] ACPI: Using IOAPIC for interrupt routing
[    0.604980] PCI: Using host bridge windows from ACPI; if necessary, use "pci=nocrs" and report a bug
[    0.611815] ACPI: PCI Root Bridge [PCI0] (domain 0000 [bus 00-ff])
[    0.613303] acpi PNP0A03:00: _OSC: OS supports [ASPM ClockPM Segments MSI]
[    0.615041] acpi PNP0A03:00: _OSC: not requesting OS control; OS requires [ExtendedConfig ASPM ClockPM MSI]
[    0.617310] acpi PNP0A03:00: fail to add MMCONFIG information, can't access extended PCI configuration space under this bridge.
[    0.629171] PCI host bridge to bus 0000:00
[    0.630471] pci_bus 0000:00: root bus resource [io  0x0000-0x0cf7 window]
[    0.632390] pci_bus 0000:00: root bus resource [io  0x0d00-0xffff window]
[    0.634003] pci_bus 0000:00: root bus resource [mem 0x000a0000-0x000bffff window]
[    0.636496] pci_bus 0000:00: root bus resource [mem 0xe0000000-0xfdffffff window]
[    0.638841] pci_bus 0000:00: root bus resource [bus 00-ff]
[    0.643197] pci 0000:00:01.1: legacy IDE quirk: reg 0x10: [io  0x01f0-0x01f7]
[    0.645222] pci 0000:00:01.1: legacy IDE quirk: reg 0x14: [io  0x03f6]
[    0.646720] pci 0000:00:01.1: legacy IDE quirk: reg 0x18: [io  0x0170-0x0177]
[    0.649248] pci 0000:00:01.1: legacy IDE quirk: reg 0x1c: [io  0x0376]
[    0.700151] pci 0000:00:07.0: quirk: [io  0x4000-0x403f] claimed by PIIX4 ACPI
[    0.701931] pci 0000:00:07.0: quirk: [io  0x4100-0x410f] claimed by PIIX4 SMB
[    0.718439] ACPI: PCI Interrupt Link [LNKA] (IRQs 5 9 10 *11)
[    0.720389] ACPI: PCI Interrupt Link [LNKB] (IRQs 5 9 *10 11)
[    0.722056] ACPI: PCI Interrupt Link [LNKC] (IRQs 5 *9 10 11)
[    0.723765] ACPI: PCI Interrupt Link [LNKD] (IRQs 5 9 10 *11)
[    0.726139] ACPI: Enabled 2 GPEs in block 00 to 07
[    0.727879] vgaarb: setting as boot device: PCI:0000:00:02.0
[    0.729540] vgaarb: device added: PCI:0000:00:02.0,decodes=io+mem,owns=io+mem,locks=none
[    0.731525] vgaarb: loaded
[    0.732299] vgaarb: bridge control possible 0000:00:02.0
[    0.734180] SCSI subsystem initialized
[    0.735488] ACPI: bus type USB registered
[    0.736808] usbcore: registered new interface driver usbfs
[    0.738382] usbcore: registered new interface driver hub
[    0.740289] usbcore: registered new device driver usb
[    0.742436] PCI: Using ACPI for IRQ routing
[    0.744302] NetLabel: Initializing
[    0.745310] NetLabel:  domain hash size = 128
[    0.746676] NetLabel:  protocols = UNLABELED CIPSOv4
[    0.748210] NetLabel:  unlabeled traffic allowed by default
[    0.750550] amd_nb: Cannot enumerate AMD northbridges
[    0.754078] clocksource: Switched to clocksource kvm-clock
[    0.768799] AppArmor: AppArmor Filesystem Enabled
[    0.770227] pnp: PnP ACPI init
[    0.772775] pnp: PnP ACPI: found 3 devices
[    0.783725] clocksource: acpi_pm: mask: 0xffffff max_cycles: 0xffffff, max_idle_ns: 2085701024 ns
[    0.785883] NET: Registered protocol family 2
[    0.787138] TCP established hash table entries: 32768 (order: 6, 262144 bytes)
[    0.789178] TCP bind hash table entries: 32768 (order: 7, 524288 bytes)
[    0.791977] TCP: Hash tables configured (established 32768 bind 32768)
[    0.793566] UDP hash table entries: 2048 (order: 4, 65536 bytes)
[    0.795157] UDP-Lite hash table entries: 2048 (order: 4, 65536 bytes)
[    0.796779] NET: Registered protocol family 1
[    0.797825] pci 0000:00:00.0: Limiting direct PCI/PCI transfers
[    0.799468] pci 0000:00:01.0: Activating ISA DMA hang workarounds
[    0.801200] Unpacking initramfs...
[    1.027774] Freeing initrd memory: 14884K
[    1.029230] PCI-DMA: Using software bounce buffering for IO (SWIOTLB)
[    1.031355] software IO TLB: mapped [mem 0xdbff0000-0xdfff0000] (64MB)
[    1.033652] clocksource: tsc: mask: 0xffffffffffffffff max_cycles: 0x2135f7c97c8, max_idle_ns: 440795273205 ns
[    1.037253] platform rtc_cmos: registered platform RTC device (no PNP device found)
[    1.039251] Scanning for low memory corruption every 60 seconds
[    1.040857] audit: initializing netlink subsys (disabled)
[    1.042359] audit: type=2000 audit(1606159312.313:1): initialized
[    1.044092] Initialise system trusted keyring
[    1.045468] HugeTLB registered 2 MB page size, pre-allocated 0 pages
[    1.047993] zbud: loaded
[    1.049153] VFS: Disk quotas dquot_6.6.0
[    1.050126] VFS: Dquot-cache hash table entries: 512 (order 0, 4096 bytes)
[    1.051910] squashfs: version 4.0 (2009/01/31) Phillip Lougher
[    1.053436] fuse init (API version 7.23)
[    1.054533] Key type big_key registered
[    1.055489] Allocating IMA MOK and blacklist keyrings.
[    1.057838] Key type asymmetric registered
[    1.059166] Asymmetric key parser 'x509' registered
[    1.060633] Block layer SCSI generic (bsg) driver version 0.4 loaded (major 249)
[    1.062510] io scheduler noop registered
[    1.063455] io scheduler deadline registered (default)
[    1.064838] io scheduler cfq registered
[    1.065845] pci_hotplug: PCI Hot Plug PCI Core version: 0.5
[    1.067155] pciehp: PCI Express Hot Plug Controller Driver version: 0.4
[    1.069069] ACPI: AC Adapter [AC] (on-line)
[    1.070141] input: Power Button as /devices/LNXSYSTM:00/LNXPWRBN:00/input/input0
[    1.071985] ACPI: Power Button [PWRF]
[    1.073035] input: Sleep Button as /devices/LNXSYSTM:00/LNXSLPBN:00/input/input1
[    1.075001] ACPI: Sleep Button [SLPF]
[    1.077295] ACPI: Battery Slot [BAT0] (battery present)
[    1.079528] GHES: HEST is not enabled!
[    1.080529] Serial: 8250/16550 driver, 32 ports, IRQ sharing enabled
[    1.102577] 00:02: ttyS0 at I/O 0x3f8 (irq = 4, base_baud = 115200) is a 16550A
[    1.105347] Linux agpgart interface v0.103
[    1.107966] loop: module loaded
[    1.109939] scsi host0: ata_piix
[    1.110928] scsi host1: ata_piix
[    1.111768] ata1: PATA max UDMA/33 cmd 0x1f0 ctl 0x3f6 bmdma 0xd000 irq 14
[    1.113248] ata2: PATA max UDMA/33 cmd 0x170 ctl 0x376 bmdma 0xd008 irq 15
[    1.114935] libphy: Fixed MDIO Bus: probed
[    1.116149] tun: Universal TUN/TAP device driver, 1.6
[    1.117360] tun: (C) 1999-2004 Max Krasnyansky <maxk@qualcomm.com>
[    1.118906] PPP generic driver version 2.4.2
[    1.120003] ehci_hcd: USB 2.0 'Enhanced' Host Controller (EHCI) Driver
[    1.121433] ehci-pci: EHCI PCI platform driver
[    1.122525] ehci-platform: EHCI generic platform driver
[    1.123722] ohci_hcd: USB 1.1 'Open' Host Controller (OHCI) Driver
[    1.125109] ohci-pci: OHCI PCI platform driver
[    1.126338] ohci-platform: OHCI generic platform driver
[    1.127877] uhci_hcd: USB Universal Host Controller Interface driver
[    1.129852] i8042: PNP: PS/2 Controller [PNP0303:PS2K,PNP0f03:PS2M] at 0x60,0x64 irq 1,12
[    1.132504] serio: i8042 KBD port at 0x60,0x64 irq 1
[    1.133690] serio: i8042 AUX port at 0x60,0x64 irq 12
[    1.135088] mousedev: PS/2 mouse device common for all mice
[    1.136801] rtc_cmos rtc_cmos: rtc core: registered rtc_cmos as rtc0
[    1.138380] input: AT Translated Set 2 keyboard as /devices/platform/i8042/serio0/input/input2
[    1.140430] rtc_cmos rtc_cmos: alarms up to one day, 114 bytes nvram
[    1.141914] i2c /dev entries driver
[    1.142915] device-mapper: uevent: version 1.0.3
[    1.144160] device-mapper: ioctl: 4.34.0-ioctl (2015-10-28) initialised: dm-devel@redhat.com
[    1.146115] ledtrig-cpu: registered to indicate activity on CPUs
[    1.147915] NET: Registered protocol family 10
[    1.149377] NET: Registered protocol family 17
[    1.150495] Key type dns_resolver registered
[    1.152844] registered taskstats version 1
[    1.153839] Loading compiled-in X.509 certificates
[    1.155532] Loaded X.509 cert 'Build time autogenerated kernel key: b89e9ea735e1dbde81c7786f041ecf1d53e71c2e'
[    1.157742] zswap: loaded using pool lzo/zbud
[    1.161244] Key type trusted registered
[    1.165000] Key type encrypted registered
[    1.166119] AppArmor: AppArmor sha1 policy hashing enabled
[    1.167734] ima: No TPM chip found, activating TPM-bypass!
[    1.169417] ima: Allocated hash algorithm: sha1
[    1.170663] evm: HMAC attrs: 0x1
[    1.171892]   Magic number: 12:598:395
[    1.172853] pci 0000:00:07.0: hash matches
[    1.173906] rtc_cmos rtc_cmos: setting system clock to 2020-11-23 19:21:47 UTC (1606159307)
[    1.176552] BIOS EDD facility v0.16 2004-Jun-25, 0 devices found
[    1.178038] EDD information not available.
[    1.295184] Freeing unused kernel memory: 1492K
[    1.296245] Write protecting the kernel read-only data: 14336k
[    1.298213] Freeing unused kernel memory: 1592K
[    1.299525] Freeing unused kernel memory: 56K
Loading, please wait...
starting version 229
[    1.313156] random: systemd-udevd: uninitialized urandom read (16 bytes read, 3 bits of entropy available)
[    1.313473] random: udevadm: uninitialized urandom read (16 bytes read, 3 bits of entropy available)
[    1.313493] random: udevadm: uninitialized urandom read (16 bytes read, 3 bits of entropy available)
[    1.320271] random: systemd-udevd: uninitialized urandom read (16 bytes read, 3 bits of entropy available)
[    1.320981] random: udevadm: uninitialized urandom read (16 bytes read, 3 bits of entropy available)
[    1.321019] random: udevadm: uninitialized urandom read (16 bytes read, 3 bits of entropy available)
[    1.321130] random: udevadm: uninitialized urandom read (16 bytes read, 3 bits of entropy available)
[    1.321171] random: udevadm: uninitialized urandom read (16 bytes read, 3 bits of entropy available)
[    1.321211] random: udevadm: uninitialized urandom read (16 bytes read, 3 bits of entropy available)
[    1.321252] random: udevadm: uninitialized urandom read (16 bytes read, 3 bits of entropy available)
[    1.364791] Fusion MPT base driver 3.04.20
[    1.365794] Copyright (c) 1999-2008 LSI Corporation
[    1.369478] e1000: Intel(R) PRO/1000 Network Driver - version 7.3.21-k8-NAPI
[    1.371100] e1000: Copyright (c) 1999-2006 Intel Corporation.
[    1.400663] AVX2 version of gcm_enc/dec engaged.
[    1.401976] AES CTR mode by8 optimization enabled
[    1.409677] Fusion MPT SPI Host driver 3.04.20
[    1.594196] input: ImExPS/2 Generic Explorer Mouse as /devices/platform/i8042/serio1/input/input4
[    2.048268] e1000 0000:00:03.0 eth0: (PCI:33MHz:32-bit) 02:b3:05:6c:a8:f5
[    2.049855] e1000 0000:00:03.0 eth0: Intel(R) PRO/1000 Network Connection
[    2.052024] mptbase: ioc0: Initiating bringup
[    2.062449] e1000 0000:00:03.0 enp0s3: renamed from eth0
[    2.455232] ioc0: LSI53C1030 A0: Capabilities={Initiator}
[    5.477400] scsi host2: ioc0: LSI53C1030 A0, FwRev=00000000h, Ports=1, MaxQ=256, IRQ=20
[    7.218484] scsi 2:0:0:0: Direct-Access     VBOX     HARDDISK         1.0  PQ: 0 ANSI: 5
[    7.220406] scsi target2:0:0: Beginning Domain Validation
[    7.223133] scsi target2:0:0: Domain Validation skipping write tests
[    7.224563] scsi target2:0:0: Ending Domain Validation
[    7.225873] scsi target2:0:0: asynchronous
[    7.228301] scsi 2:0:1:0: Direct-Access     VBOX     HARDDISK         1.0  PQ: 0 ANSI: 5
[    7.230563] scsi target2:0:1: Beginning Domain Validation
[    7.233700] scsi target2:0:1: Domain Validation skipping write tests
[    7.235182] scsi target2:0:1: Ending Domain Validation
[    7.236656] scsi target2:0:1: asynchronous
[    7.242869] sd 2:0:0:0: Attached scsi generic sg0 type 0
[    7.243154] sd 2:0:0:0: [sda] 20971520 512-byte logical blocks: (10.7 GB/10.0 GiB)
[    7.243280] sd 2:0:0:0: [sda] Write Protect is off
[    7.243364] sd 2:0:0:0: [sda] Incomplete mode parameter data
[    7.243365] sd 2:0:0:0: [sda] Assuming drive cache: write through
[    7.250970] sd 2:0:1:0: Attached scsi generic sg1 type 0
[    7.250999] sd 2:0:1:0: [sdb] 20480 512-byte logical blocks: (10.5 MB/10.0 MiB)
[    7.251113] sd 2:0:1:0: [sdb] Write Protect is off
[    7.251235] sd 2:0:1:0: [sdb] Incomplete mode parameter data
[    7.251236] sd 2:0:1:0: [sdb] Assuming drive cache: write through
[    7.251690]  sda: sda1
[    7.252418] sd 2:0:0:0: [sda] Attached SCSI disk
[    7.252781] sd 2:0:1:0: [sdb] Attached SCSI disk
Begin: Loading essential drivers ... [    8.547718] md: linear personality registered for level -1
[    8.551205] md: multipath personality registered for level -4
[    8.554791] md: raid0 personality registered for level 0
[    8.560538] md: raid1 personality registered for level 1
[    8.630384] raid6: sse2x1   gen() 10682 MB/s
[    8.698511] raid6: sse2x1   xor()  7128 MB/s
[    8.766087] raid6: sse2x2   gen() 14812 MB/s
[    8.836157] raid6: sse2x2   xor() 10388 MB/s
[    8.902395] raid6: sse2x4   gen() 16498 MB/s
[    8.975192] raid6: sse2x4   xor() 11077 MB/s
[    9.042196] raid6: avx2x1   gen() 20501 MB/s
[    9.110130] raid6: avx2x2   gen() 26186 MB/s
[    9.179934] raid6: avx2x4   gen() 28738 MB/s
[    9.180998] raid6: using algorithm avx2x4 gen() 28738 MB/s
[    9.182212] raid6: using avx2x2 recovery algorithm
[    9.184550] xor: automatically using best checksumming function:
[    9.222703]    avx       : 26923.000 MB/sec
[    9.225047] async_tx: api initialized (async)
[    9.237480] md: raid6 personality registered for level 6
[    9.238966] md: raid5 personality registered for level 5
[    9.240177] md: raid4 personality registered for level 4
[    9.247203] md: raid10 personality registered for level 10
done.
Begin: Running /scripts/init-premount ... done.
Begin: Mounting root file system ... Begin: Running /scripts/local-top ... done.
Begin: Running /scripts/local-premount ... [    9.277179] Btrfs loaded
Scanning for Btrfs filesystems
done.
Warning: fsck not present, so skipping root file system
[    9.301475] EXT4-fs (sda1): mounted filesystem with ordered data mode. Opts: (null)
done.
Begin: Running /scripts/local-bottom ... done.
Begin: Running /scripts/init-bottom ... done.
[    9.394614] systemd[1]: systemd 229 running in system mode. (+PAM +AUDIT +SELINUX +IMA +APPARMOR +SMACK +SYSVINIT +UTMP +LIBCRYPTSETUP +GCRYPT +GNUTLS +ACL +XZ -LZ4 +SECCOMP +BLKID +ELFUTILS +KMOD -IDN)
[    9.399524] systemd[1]: Detected virtualization oracle.
[    9.400686] systemd[1]: Detected architecture x86-64.

Welcome to [1mUbuntu 16.04.7 LTS[0m!

[    9.405146] systemd[1]: Set hostname to <ubuntu>.
[    9.408741] systemd[1]: Initializing machine ID from random generator.
[    9.410578] systemd[1]: Installed transient /etc/machine-id file.
[    9.534895] systemd[1]: Listening on Journal Audit Socket.
[[0;32m  OK  [0m] Listening on Journal Audit Socket.
[    9.537646] systemd[1]: Reached target Swap.
[[0;32m  OK  [0m] Reached target Swap.
[    9.540322] systemd[1]: Created slice User and Session Slice.
[[0;32m  OK  [0m] Created slice User and Session Slice.
[    9.550928] systemd[1]: Set up automount Arbitrary Executable File Formats File System Automount Point.
[[0;32m  OK  [0m] Set up automount Arbitrary Executab...ats File System Automount Point.
[    9.555185] systemd[1]: Listening on udev Control Socket.
[[0;32m  OK  [0m] Listening on udev Control Socket.
[    9.557656] systemd[1]: Reached target System Time Synchronized.
[[0;32m  OK  [0m] Reached target System Time Synchronized.
[    9.561608] systemd[1]: Listening on Device-mapper event daemon FIFOs.
[[0;32m  OK  [0m] Listening on Device-mapper event daemon FIFOs.
[    9.565620] systemd[1]: Started Forward Password Requests to Wall Directory Watch.
[[0;32m  OK  [0m] Started Forward Password Requests to Wall Directory Watch.
[    9.570028] systemd[1]: Listening on LVM2 poll daemon socket.
[[0;32m  OK  [0m] Listening on LVM2 poll daemon socket.
[    9.574135] systemd[1]: Listening on LVM2 metadata daemon socket.
[[0;32m  OK  [0m] Listening on LVM2 metadata daemon socket.
[    9.577519] systemd[1]: Listening on /dev/initctl Compatibility Named Pipe.
[[0;32m  OK  [0m] Listening on /dev/initctl Compatibility Named Pipe.
[    9.581226] systemd[1]: Listening on udev Kernel Socket.
[[0;32m  OK  [0m] Listening on udev Kernel Socket.
[    9.590878] systemd[1]: Created slice System Slice.
[[0;32m  OK  [0m] Created slice System Slice.
[    9.593751] systemd[1]: Reached target Slices.
[[0;32m  OK  [0m] Reached target Slices.
[    9.596151] systemd[1]: Created slice system-serial\x2dgetty.slice.
[[0;32m  OK  [0m] Created slice system-serial\x2dgetty.slice.
[    9.600033] systemd[1]: Listening on Syslog Socket.
[[0;32m  OK  [0m] Listening on Syslog Socket.
[    9.602889] systemd[1]: Reached target User and Group Name Lookups.
[[0;32m  OK  [0m] Reached target User and Group Name Lookups.
[    9.610507] systemd[1]: Listening on Journal Socket.
[[0;32m  OK  [0m] Listening on Journal Socket.
[    9.630575] systemd[1]: Mounting Huge Pages File System...
         Mounting Huge Pages File System...
[    9.634347] systemd[1]: Starting Uncomplicated firewall...
         Starting Uncomplicated firewall...
[    9.638471] systemd[1]: Starting Load Kernel Modules...
         Starting Load Kernel Modules...
[    9.641454] systemd[1]: Starting Create list of required static device nodes for the current kernel...
         Starting Create list of required st... nodes for the current kernel...
[    9.646425] systemd[1]: Starting Nameserver information manager...
         Starting Nameserver information manager...
[    9.649968] systemd[1]: Starting Remount Root and Kernel File Systems...

    9.651759] Loading iSCSI transport class v2.0-870.
         Starting Remount Root and Kernel File Systems...
[    9.655160] systemd[1]: Mounting Debug File System...
         Mounting Debug File System...
[    9.658333] systemd[1]: Starting Set console keymap...
         Starting Set console keymap...
[    9.662768] EXT4-fs (sda1): re-mounted. Opts: (null)
[    9.668550] iscsi: registered transport (tcp)
[    9.670937] systemd[1]: Starting Monitoring of LVM2 mirrors, snapshots etc. using dmeventd or progress polling...
         Starting Monitoring of LVM2 mirrors... dmeventd or progress polling...
[    9.675546] systemd[1]: Mounting POSIX Message Queue File System...
         Mounting POSIX Message Queue File System...
[    9.679020] systemd[1]: Started Trigger resolvconf update for networkd DNS.
[[0;32m  OK  [0m] Started Trigger resolvconf update for networkd DNS.
[    9.682870] systemd[1]: Listening on Journal Socket (/dev/log).
[[0;32m  OK  [0m] Listening on Journal Socket (/dev/log).
[    9.689389] systemd[1]: Starting Journal Service...
         Starting Journal Service...
[    9.692309] systemd[1]: Reached target Encrypted Volumes.
[[0;32m  OK  [0m] Reached target Encrypted Volumes.
[    9.697094] systemd[1]: Mounted POSIX Message Queue File System.
[[0;32m  OK  [0m] Mounted POSIX Message Queue File System.
[    9.701952] systemd[1]: Mounted Huge Pages File System.
[[0;32m  OK  [0m] Mounted Huge Pages File System.
[    9.704993] systemd[1]: Mounted Debug File System.
[[0;32m  OK  [0m] Mounted Debug File System.
[    9.707732] systemd[1]: Started Uncomplicated firewall.
[[0;32m  OK  [0m] Started Uncomplicated firewall.
[    9.714561] systemd[1]: Started Create list of required static device nodes for the current kernel.
[[0;32m  OK  [0m] Started Create list of required sta...ce nodes for the current kernel.
[    9.720296] systemd[1]: Started Remount Root and Kernel File Systems.
[[0;32m  OK  [0m] Started Remount Root and Kernel File Systems.
[    9.731035] systemd[1]: Started Set console keymap.
[[0;32m  OK  [0m] Started Set console keymap.
[    9.736318] iscsi: registered transport (iser)
[    9.742880] systemd[1]: Started Nameserver information manager.
[[0;32m  OK  [0m] Started Nameserver information manager.
[    9.747048] systemd[1]: Started Load Kernel Modules.
[[0;32m  OK  [0m] Started Load Kernel Modules.
[    9.750772] systemd[1]: Started Journal Service.
[[0;32m  OK  [0m] Started Journal Service.
[[0;32m  OK  [0m] Started LVM2 metadata daemon.
         Starting Apply Kernel Variables...
         Mounting FUSE Control File System...
         Starting Load/Save Random Seed...
         Starting udev Coldplug all Devices...
         Starting Flush Journal to Persistent Storage...
         Starting Create Static Device Nodes in /dev...
[[0;32m  OK  [0m] Mounted FUSE Control File System.
[[0;32m  OK  [0m] Started Apply Kernel Variables.
[[0;32m  OK  [0m] Started Load/Save Random Seed.
[[0;32m  OK  [0m] Started Flush Journal to Persistent Storage.
[[0;32m  OK  [0m] Started Create Static Device Nodes in /dev.
         Starting udev Kernel Device Manager...
[[0;32m  OK  [0m] Started udev Kernel Device Manager.
[[0;32m  OK  [0m] Started udev Coldplug all Devices.
[[0;32m  OK  [0m] Started Dispatch Password Requests to Console Directory Watch.
[[0;32m  OK  [0m] Found device /dev/ttyS0.
[[0;32m  OK  [0m] Listening on Load/Save RF Kill Switch Status /dev/rfkill Watch.
[[0;32m  OK  [0m] Started Monitoring of LVM2 mirrors,...ng dmeventd or progress polling.
[[0;32m  OK  [0m] Reached target Local File Systems (Pre).
[[0;32m  OK  [0m] Reached target Local File Systems.
         Starting LSB: AppArmor initialization...
         Starting Set console font and keymap...
         Starting Create Volatile Files and Directories...
         Starting Commit a transient machine-id on disk...
         Starting Initial cloud-init job (pre-networking)...
         Starting Tell Plymouth To Write Out Runtime Data...
[[0;32m  OK  [0m] Started Create Volatile Files and Directories.
[[0;32m  OK  [0m] Started Tell Plymouth To Write Out Runtime Data.
[[0;32m  OK  [0m] Started Commit a transient machine-id on disk.
         Starting Update UTMP about System Boot/Shutdown...
[[0;32m  OK  [0m] Started Update UTMP about System Boot/Shutdown.
[[0;32m  OK  [0m] Started Set console font and keymap.
[[0;32m  OK  [0m] Created slice system-getty.slice.
[[0;32m  OK  [0m] Started LSB: AppArmor initialization.
         Starting Load AppArmor profiles managed internally by snapd...
[[0;32m  OK  [0m] Started Load AppArmor profiles managed internally by snapd.
[   10.976031] cloud-init[600]: Cloud-init v. 20.3-2-g371b392c-0ubuntu1~16.04.1 running 'init-local' at Mon, 23 Nov 2020 19:21:57 +0000. Up 10.68 seconds.
[[0;32m  OK  [0m] Started Initial cloud-init job (pre-networking).
[[0;32m  OK  [0m] Reached target Network (Pre).
         Starting Raise network interfaces...
[[0;32m  OK  [0m] Started Raise network interfaces.
[[0;32m  OK  [0m] Reached target Network.
         Starting Initial cloud-init job (metadata service crawler)...
[   11.890387] cloud-init[940]: Cloud-init v. 20.3-2-g371b392c-0ubuntu1~16.04.1 running 'init' at Mon, 23 Nov 2020 19:21:58 +0000. Up 11.44 seconds.
[   11.892742] cloud-init[940]: ci-info: +++++++++++++++++++++++++++++++++++++Net device info++++++++++++++++++++++++++++++++++++++
[   11.894923] cloud-init[940]: ci-info: +--------+------+---------------------------+---------------+--------+-------------------+
[   11.897395] cloud-init[940]: ci-info: | Device |  Up  |          Address          |      Mask     | Scope  |     Hw-Address    |
[   11.899762] cloud-init[940]: ci-info: +--------+------+---------------------------+---------------+--------+-------------------+
[   11.902132] cloud-init[940]: ci-info: | enp0s3 | True |         10.0.2.15         | 255.255.255.0 | global | 02:b3:05:6c:a8:f5 |
[   11.905038] cloud-init[940]: ci-info: | enp0s3 | True | fe80::b3:5ff:fe6c:a8f5/64 |       .       |  link  | 02:b3:05:6c:a8:f5 |
[   11.907859] cloud-init[940]: ci-info: |   lo   | True |         127.0.0.1         |   255.0.0.0   |  host  |         .         |
[   11.910327] cloud-init[940]: ci-info: |   lo   | True |          ::1/128          |       .       |  host  |         .         |
[   11.912802] cloud-init[940]: ci-info: +--------+------+---------------------------+---------------+--------+-------------------+
[   11.915101] cloud-init[940]: ci-info: +++++++++++++++++++++++++++Route IPv4 info++++++++++++++++++++++++++++
[   11.917385] cloud-init[940]: ci-info: +-------+-------------+----------+---------------+-----------+-------+
[   11.919526] cloud-init[940]: ci-info: | Route | Destination | Gateway  |    Genmask    | Interface | Flags |
[   11.921891] cloud-init[940]: ci-info: +-------+-------------+----------+---------------+-----------+-------+
[   11.928445] cloud-init[940]: ci-info: |   0   |   0.0.0.0   | 10.0.2.2 |    0.0.0.0    |   enp0s3  |   UG  |
[   11.930489] cloud-init[940]: ci-info: |   1   |   10.0.2.0  | 0.0.0.0  | 255.255.255.0 |   enp0s3  |   U   |
[   11.932598] cloud-init[940]: ci-info: +-------+-------------+----------+---------------+-----------+-------+
[   11.934578] cloud-init[940]: ci-info: +++++++++++++++++++Route IPv6 info+++++++++++++++++++
[   11.936492] cloud-init[940]: ci-info: +-------+-------------+---------+-----------+-------+
[   11.938541] cloud-init[940]: ci-info: | Route | Destination | Gateway | Interface | Flags |
[   11.940385] cloud-init[940]: ci-info: +-------+-------------+---------+-----------+-------+
[   11.942173] cloud-init[940]: ci-info: |   0   |  fe80::/64  |    ::   |   enp0s3  |   U   |
[   11.943944] cloud-init[940]: ci-info: |   3   |   ff00::/8  |    ::   |   enp0s3  |   U   |
[   11.945796] cloud-init[940]: ci-info: +-------+-------------+---------+-----------+-------+
[   11.947467] cloud-init[940]: Generating public/private rsa key pair.
[   11.949062] cloud-init[940]: Your identification has been saved in /etc/ssh/ssh_host_rsa_key.
[   11.950977] cloud-init[940]: Your public key has been saved in /etc/ssh/ssh_host_rsa_key.pub.
[   11.956781] cloud-init[940]: The key fingerprint is:
[   11.958137] cloud-init[940]: SHA256:BcqUNj1sqURzkkg6poQlNZv7rflt5ZDQB9UhvUg79RM root@ubuntu-xenial
[   11.960026] cloud-init[940]: The key's randomart image is:
[   11.961445] cloud-init[940]: +---[RSA 2048]----+
[   11.962652] cloud-init[940]: |..+..o==oooo..   |
[   11.968950] cloud-init[940]: |.o =.o*=B...+ E  |
[   11.969935] cloud-init[940]: |..*  oo= +.+ o . |
[   11.970840] cloud-init[940]: |.o o  o ..= . o  |
[   11.976824] cloud-init[940]: |. .    .So .   . |
[   11.978242] cloud-init[940]: |   . .  o .      |
[   11.979485] cloud-init[940]: |    . .  +       |
[   11.980688] cloud-init[940]: |     o .. .      |
[   11.981939] cloud-init[940]: |    o....        |
[   11.983200] cloud-init[940]: +----[SHA256]-----+
[   11.984305] cloud-init[940]: Generating public/private dsa key pair.
[[0;32m  OK  [0m] Started Initial cloud-init job (metadata service crawler).
[[0;32m  OK  [0m] Reached target Cloud-config availability.
[[0;32m  OK  [0m] Reached target System Initialization.
[[0;32m  OK  [0m] Listening on UUID daemon activation socket.
[[0;32m  OK  [0m] Listening on ACPID Listen Socket.
[[0;32m  OK  [0m] Started Daily Cleanup of Temporary Directories.
[   11.985812] cloud-init[940]: Your identification has been saved in /etc/ssh/ssh_host_dsa_key.
[[0;32m  OK  [0m] Started ACPI Events Check.
[[0;32m  OK  [0m] Reached target Paths.
[   12.000821] cloud-init         Starting Socket activation for snappy daemon.
[[0;32m  OK  [0m] Started Daily apt download activities.
[[0;32m  OK  [0m] Started Message of the Day.
[[0;32m  OK  [0m] Listening on D-Bus System Message Bus Socket.
[[0;32m  OK  [0m] Started Daily apt upgrade and clean activities.
[[0;32m  OK  [0m] Reached target Timers.
[940]: Your public key has been saved in /etc/ssh/ssh_host_dsa_key.pub.
         Starting LXD - unix socket.
[[0;32m  OK  [0m] Reached target Network is Online.
[   12.011270] cloud-init[940]: The key fingerprint is:
[   12.012609] cloud-init[940]: SHA256:dw8z4kKCHhtvqKKJcwzBHZwvGgkN+wzuSkpk/EvBf18 root@ubuntu-xenial
[   12.014509] cloud-init[940]: The key's randomart image is:
[   12.015884] cloud-init[940]: +---[DSA 1024]----+
[   12.017102] cloud-init[940]: |.o. .            |
[   12.018372] cloud-init[940]: |...+             |
[   12.019572] cloud-init[940]: |= o o            |
[   12.021149] cloud-init[940]: |+B.o o           |
[   12.022320] cloud-init[940]: | *=o= . S o =    |
[   12.023511] cloud-init[940]: |=...o* o o o =   |
[   12.024752] cloud-init[940]: | * o+.o.. .E  .  |
[   12.026696] cloud-init[940]: |O.+.... ...      |
[   12.027916]          Starting iSCSI initiator daemon (iscsid)...
cloud-init[940]: |B+..     .       |
[[0;32m  OK  [0m] Listening on Socket activation for snappy daemon.
[[0;32m  OK  [0m] Listening on LXD - unix socket.
[[0;32m  OK  [0m] Reached target Sockets.
[[0;32m  OK  [0m] Reached target Basic System.
[[0;32m  OK  [0m] Started FUSE filesystem for LXC.
[[0;32m  OK  [0m] Started D-Bus System Message Bus.
[   12.030174] cloud-init[940]: +----[SHA256]-----+
[   12.037769] cloud-init[940]: Generating public/private ecdsa key pair.
[   12.040752] cloud-init[940]: Your identification has been saved in /etc/ssh/ssh_host_ecdsa_key.
[   12.043361] cloud-init[940]: Your public key has been saved in /etc/ssh/ssh_host_ecdsa_key.pub.
[   12.045571] cloud-init[940]: The key fingerprint is:
[   12.047177] cloud-init[940]: SHA256:zdcbZm/wae77ohlQNmaxzTQof93lX2gUT77l2I+PPTE root@ubuntu-xenial
[   12.049292] cloud-init[940]: The key's randomart image is:
[   12.051054] cloud-init[940]: +---[ECDSA 256]---+
[   12.052579] cloud-init[940]: |            ..+..|
[   12.053623] cloud-init[940]: |          . .*.=.|
[   12.054896] cloud-init[940]: |           oB.o+*|
[   12.056249] cloud-init[940]: |         o =.o++B|
[   12.057668] cloud-init[940]: |        S + .oB.=|
[   12.059114] cloud-init[940]: |           o o E+|
[   12.060481] cloud-init[940]: |            . ooB|
[   12.061703] cloud-init[940]: |             o+* |
[   12.062824] cloud-init[940]: |            o.o=B|
[   12.064030] cloud-init[940]: +----[SHA256]-----+
[   12.065523] cloud-init[940]: Generating public/private ed25519 key pair.
[   12.067416] cloud-init[940]: Your identification has been saved in /etc/ssh/ssh_host_ed25519_key.
[   12.069378] cloud-init[940]: Your public key has been saved in /etc/ssh/ssh_host_ed25519_key.pub.
[   12.076561]          Starting /etc/rc.local Compatibility...
         Starting LXD - container startup/shutdown...
         Starting Accounts Service...
cloud-init[940]: The key fingerprint is:         Starting Pollinate to seed the pseudo random number generator...
[[0;32m  OK  [0m] Started ACPI event daemon.
         Starting LSB: Record successful boot for GRUB...
         Starting Virtualbox guest utils...
[[0;32m  OK  [0m] Started Deferred execution scheduler.

[   12.085044] cloud-init[940]: SHA256:tY7oSrosJEA03TS891oJhLIDetx+El9FKzEFja15fBM root@ubuntu-xenial
         Starting System Logging Service...
         Starting Login Service...
         Starting LSB: MD monitoring daemon...
[[0;32m  OK  [0m] Started Regular background program processing daemon.
         Starting Snap Daemon...
[[0;32m  OK  [0m] Started /etc/rc.local Compatibility.
[[0;32m  OK  [0m] Started iSCSI initiator daemon (iscsid).
         Starting Login to default iSCSI targets...
[   12.091995] cloud-init[940]: The key's randomart image is:
[   12.144299] [[0;32m  OK  [0m] Started System Logging Service.
cloud-init[940]: +--[ED25519 256]--+
[[0;32m  OK  [0m] Started Login Service.
[   12.154634] cloud-init[940]: |.o. +o. +Bo      |
[   12.162655] cloud-init[940]: | o.o +...o+.E    |
[   12.165410] cloud-init[940]: |o...o o .=o  .   |
[   12.166998] cloud-init[940]: |o ooo. o+oo.o    |
[[0;32m  OK  [0m] Started Unattended Upgrades Shutdown.
[[0;32m  OK  [0m] Started LSB: Record successful boot for GRUB.
[[0;32m  OK  [0m] Started Login to default iSCSI targets.
[[0;32m  OK  [0m] Reached target Remote File Systems (Pre).
[[0;32m  OK  [0m] Reached target Remote File Systems.
         Starting LSB: automatic crash report generation...
         Starting LSB: daemon to balance interrupts for SMP systems...
         Starting LSB: Set the CPU Frequency Scaling governor to "ondemand"...
         Starting Permit User Sessions...
[   12.195483] cloud-init[940]: |.. ..o..S.o. .   |
[   12.211431] cloud-init[940]: |..  o o. *       |
[   12.220243] [[0;32m  OK  [0m] Started Permit User Sessions.
cloud-init[940]: |o   .o. + .      |
[   12.241673]          Starting Hold until boot process finishes up...
cloud-init[940]: |.. o . .         |
         Starting Terminate Plymouth Boot Screen...
[   12.259827] [[0;32m  OK  [0m] Started LSB: MD monitoring daemon.
[[0;32m  OK  [0m] Started Hold until boot process finishes up.
cloud-init[940]: | .+....          |
[   12.263133] cloud-init[940]:          Starting Authenticate and Authorize Users to Run Privileged Tasks...
[[0;32m  OK  [0m] Started Getty on tty1.
         Starting Set console scheme...
[[0;32m  OK  [0m] Started Serial Getty on ttyS0.
[[0;32m  OK  [0m] Reached target Login Prompts.
+----[SHA256]-----+
[[0;32m  OK  [0m] Started Terminate Plymouth Boot Screen.
[[0;32m  OK  [0m] Started Set console scheme.
[[0;32m  OK  [0m] Started LSB: Set the CPU Frequency Scaling governor to "ondemand".
[[0;32m  OK  [0m] Started LSB: automatic crash report generation.
[[0;32m  OK  [0m] Started LSB: daemon to balance interrupts for SMP systems.
[[0;32m  OK  [0m] Started Authenticate and Authorize Users to Run Privileged Tasks.
[[0;32m  OK  [0m] Started Accounts Service.
[[0;32m  OK  [0m] Started LXD - container startup/shutdown.
[[0;32m  OK  [0m] Started Virtualbox guest utils.
[[0;32m  OK  [0m] Started Snap Daemon.
         Starting Wait until snapd is fully seeded...
[[0;32m  OK  [0m] Started Pollinate to seed the pseudo random number generator.
         Starting OpenBSD Secure Shell server...
[[0;32m  OK  [0m] Started OpenBSD Secure Shell server.
[[0;32m  OK  [0m] Created slice User Slice of vagrant.
         Starting User Manager for UID 1000...
[[0;32m  OK  [0m] Started Session 1 of user vagrant.
[[0;32m  OK  [0m] Started User Manager for UID 1000.
         Stopping User Manager for UID 1000...
[[0;32m  OK  [0m] Started Wait until snapd is fully seeded.
         Starting Apply the settings specified in cloud-config...
[[0;32m  OK  [0m] Reached target Multi-User System.
[[0;32m  OK  [0m] Reached target Graphical Interface.
         Starting Update UTMP about System Runlevel Changes...
[[0;32m  OK  [0m] Stopped User Manager for UID 1000.
[[0;32m  OK  [0m] Removed slice User Slice of vagrant.
[[0;32m  OK  [0m] Started Update UTMP about System Runlevel Changes.
[[0;32m  OK  [0m] Created slice User Slice of vagrant.
         Starting User Manager for UID 1000...
[[0;32m  OK  [0m] Started Session 2 of user vagrant.
[[0;32m  OK  [0m] Started User Manager for UID 1000.
[   14.830649] cloud-init[1525]: Generating locales (this might take a while)...
[   15.505834] cloud-init[1525]:   en_US.UTF-8... done
[   15.507362] cloud-init[1525]: Generation complete.
[   15.807305] cloud-init[1525]: Cloud-init v. 20.3-2-g371b392c-0ubuntu1~16.04.1 running 'modules:config' at Mon, 23 Nov 2020 19:22:01 +0000. Up 14.75 seconds.
[[0;32m  OK  [0m] Started Apply the settings specified in cloud-config.
         Starting Execute cloud user/final scripts...
ci-info: no authorized SSH keys fingerprints found for user ubuntu.
<14>Nov 23 19:22:02 ec2: 
<14>Nov 23 19:22:02 ec2: #############################################################
<14>Nov 23 19:22:02 ec2: -----BEGIN SSH HOST KEY FINGERPRINTS-----
<14>Nov 23 19:22:02 ec2: 1024 SHA256:dw8z4kKCHhtvqKKJcwzBHZwvGgkN+wzuSkpk/EvBf18 root@ubuntu-xenial (DSA)
<14>Nov 23 19:22:02 ec2: 256 SHA256:zdcbZm/wae77ohlQNmaxzTQof93lX2gUT77l2I+PPTE root@ubuntu-xenial (ECDSA)
<14>Nov 23 19:22:02 ec2: 256 SHA256:tY7oSrosJEA03TS891oJhLIDetx+El9FKzEFja15fBM root@ubuntu-xenial (ED25519)
<14>Nov 23 19:22:02 ec2: 2048 SHA256:BcqUNj1sqURzkkg6poQlNZv7rflt5ZDQB9UhvUg79RM root@ubuntu-xenial (RSA)
<14>Nov 23 19:22:02 ec2: -----END SSH HOST KEY FINGERPRINTS-----
<14>Nov 23 19:22:02 ec2: #############################################################
-----BEGIN SSH HOST KEY KEYS-----
ecdsa-sha2-nistp256 AAAAE2VjZHNhLXNoYTItbmlzdHAyNTYAAAAIbmlzdHAyNTYAAABBBKiOVi5MLCc9o4yqp6L9TCNUxzgfhbjhHV0gqoqAMzGgmSyx1xM9xrvNdMrF4/mcd0MMk3bVfVbpLwUpxb7p7BU= root@ubuntu-xenial
ssh-ed25519 AAAAC3NzaC1lZDI1NTE5AAAAIM2s5xBmKM8QLwSsJaNdZQC9elgln9tZiLYCWUYecQ5d root@ubuntu-xenial
ssh-rsa AAAAB3NzaC1yc2EAAAADAQABAAABAQDqRddvau3NKA9wPKFcKMbwvbqHntKvEPqPUouIDwhnPuBCTnAuVIUllLkJhgJio4CzjS3iFX+6p+UJ2qWhv7HAxCVw01XFOuW5dCeKAgxR7EHfmPyW92ac1EUHZtW1oH+/QbmR3DsEIs5bey3swT3BF1mVFl345A+ELJzpyZ5Omf7eOO4TgzZAGQsPpctCE2rDJKUVQkQFKTO3RLq5/rvZPBtMhe/Zf/ZG0If8cc6La08lWnjS5JGdxdQxVy6wz2cC2AwNRp55J5tsIi6bs0XIq25CnndIbdjZqk7jHfJmnC5vujJyynd16apdcXWA0++aClEjChhiKfqt73wac+wH root@ubuntu-xenial
-----END SSH HOST KEY KEYS-----
[   16.220600] cloud-init[1707]: Cloud-init v. 20.3-2-g371b392c-0ubuntu1~16.04.1 running 'modules:final' at Mon, 23 Nov 2020 19:22:02 +0000. Up 16.09 seconds.
[   16.223905] cloud-init[1707]: ci-info: no authorized SSH keys fingerprints found for user ubuntu.
[   16.228961] cloud-init[1707]: Cloud-init v. 20.3-2-g371b392c-0ubuntu1~16.04.1 finished at Mon, 23 Nov 2020 19:22:02 +0000. Datasource DataSourceNoCloud [seed=/dev/sdb][dsmode=net].  Up 16.21 seconds
[[0;32m  OK  [0m] Started Execute cloud user/final scripts.
[[0;32m  OK  [0m] Reached target Cloud-init target.

Ubuntu 16.04.7 LTS ubuntu-xenial ttyS0

ubuntu-xenial login: 